2019-Nov-14 13:04:01 Наличие необходимых модулей php (check_php_modules): Ok
Все необходимые модули установлены
2019-Nov-14 13:04:02 Обязательные параметры PHP (check_php_settings): Ok
Настройки правильные
2019-Nov-14 13:04:02 Модули веб-сервера (check_security): Ok
Конфликтов не выявлено
2019-Nov-14 13:04:02 Значения переменных сервера (check_server_vars): Ok
Корректные
2019-Nov-14 13:04:02 Сохранение сессии (check_session): Ok
50% done
2019-Nov-14 13:04:02 Сохранение сессии (check_session): Ok
Успешно
2019-Nov-14 13:04:02 Параметры настройки UTF (mbstring и константа BX_UTF) (check_mbstring): Ok
Правильные. Сайт работает в UTF кодировке
2019-Nov-14 13:04:02 Служебные скрипты в корне сайта (check_install_scripts): Ok
Отсутствуют
2019-Nov-14 13:04:03 Работа с сокетами (check_socket): Ok
Connection to ssl://saffariestate.ru:443	Success

Успешно
2019-Nov-14 13:04:03 Выполнение агентов на cron (check_bx_crontab): Ok
Успешно
2019-Nov-14 13:04:03 Параметры подключения к базе данных (check_dbconn_settings): Ok
Успешно
2019-Nov-14 13:04:03 Лишний вывод в файлах конфигурации (check_dbconn): Ok
Connection to ssl://saffariestate.ru:443	Success

Успешно
2019-Nov-14 13:04:03 Сохранение сессии без UserAgent (check_session_ua): Ok
50% done
Connection to ssl://saffariestate.ru:443	Success

2019-Nov-14 13:04:03 Сохранение сессии без UserAgent (check_session_ua): Ok
Connection to ssl://saffariestate.ru:443	Success

Успешно
2019-Nov-14 13:04:03 Настройки сайтов (check_sites): Ok
Правильные
2019-Nov-14 13:04:03 Передача объектов по ссылке (check_clone): Ok
Успешно
2019-Nov-14 13:04:03 Размер стека и pcre.recursion_limit (check_pcre_recursion): Warning
Connection to ssl://saffariestate.ru:443	Success

Замечание. Возможны проблемы в работе с длинными строками из-за системных ограничений
2019-Nov-14 13:04:03 Загрузка файла (check_upload): Ok
Connection to ssl://saffariestate.ru:443	Success

Успешно
2019-Nov-14 13:04:03 Загрузка файла больше 4Мб (check_upload_big): Ok
Connection to ssl://saffariestate.ru:443	Success

Успешно
2019-Nov-14 13:04:03 Загрузка файла через php://input (check_upload_raw): Ok
Connection to ssl://saffariestate.ru:443	Success

Успешно
2019-Nov-14 13:04:03 Передача POST запроса с большим числом параметров (check_post): Ok
Connection to ssl://saffariestate.ru:443	Success

Успешно
2019-Nov-14 13:04:05 Отправка почты (check_mail): Warning
Замечание. Отправлено. Время отправки: 1.18 сек.
2019-Nov-14 13:04:05 Отправка почтового сообщения больше 64Кб (check_mail_big): Ok
Успешно
2019-Nov-14 13:04:06 Проверка на наличие неотправленных сообщений (check_mail_b_event): Ok
Успешно
2019-Nov-14 13:04:06 Внутреннее перенаправление (функция LocalRedirect) (check_localredirect): Ok
50% done
Connection to ssl://saffariestate.ru:443	Success

2019-Nov-14 13:04:06 Внутреннее перенаправление (функция LocalRedirect) (check_localredirect): Ok
Connection to ssl://saffariestate.ru:443	Success

Успешно
2019-Nov-14 13:04:06 Фактическое ограничение памяти (check_memory_limit): Ok
20% done
Connection to ssl://saffariestate.ru:443	Success

2019-Nov-14 13:04:06 Фактическое ограничение памяти (check_memory_limit): Ok
40% done
Connection to ssl://saffariestate.ru:443	Success

2019-Nov-14 13:04:06 Фактическое ограничение памяти (check_memory_limit): Ok
60% done
Connection to ssl://saffariestate.ru:443	Success

2019-Nov-14 13:04:06 Фактическое ограничение памяти (check_memory_limit): Ok
80% done
Connection to ssl://saffariestate.ru:443	Success

2019-Nov-14 13:04:06 Фактическое ограничение памяти (check_memory_limit): Ok
Connection to ssl://saffariestate.ru:443	Success

Не менее 256 М
2019-Nov-14 13:04:06 Работа с файлами кеша (check_cache): Ok
Успешно
2019-Nov-14 13:04:07 Доступ к серверу обновлений (check_update): Ok
Успешно
2019-Nov-14 13:04:07 HTTP авторизация (check_http_auth): Ok
Connection to ssl://saffariestate.ru:443	Success

Успешно
2019-Nov-14 13:04:07 Создание и запуск файла (check_exec): Ok
Connection to ssl://saffariestate.ru:443	Success

Успешно
2019-Nov-14 13:04:07 Функция getimagesize для swf (check_getimagesize): Ok
Успешно
2019-Nov-14 13:04:07 Версия MySQL-сервера (check_mysql_bug_version): Ok
Успешно
2019-Nov-14 13:04:08 Время на БД и веб-сервере (check_mysql_time): Ok
Успешно
2019-Nov-14 13:04:08 Режим работы MySQL (check_mysql_mode): Ok
Успешно
2019-Nov-14 13:04:08 Кодировка соединения (check_mysql_connection_charset): Ok
character_set_connection=utf8, collation_connection=utf8_unicode_ci, character_set_results=utf8
Успешно
2019-Nov-14 13:04:08 Кодировка базы данных (check_mysql_db_charset): Ok
CHARSET=utf8, COLLATION=utf8_unicode_ci
Успешно
2019-Nov-14 13:04:08 Кодировки таблиц в БД (check_mysql_table_charset): Ok
Успешно
2019-Nov-14 13:04:10 Структура базы данных (check_mysql_table_structure): Ok
0% done
2019-Nov-14 13:04:12 Структура базы данных (check_mysql_table_structure): Ok
3% done
2019-Nov-14 13:04:13 Структура базы данных (check_mysql_table_structure): Ok
7% done
2019-Nov-14 13:04:14 Структура базы данных (check_mysql_table_structure): Ok
11% done
