<br>
<table cellpadding="1" cellspacing="0" width="35%" bgcolor="#9C9A9C">
	<tr>
		<td><table cellpadding="5" cellspacing="0" width="100%">
			<tr>
				<td bgcolor="#FFFFFF" align="center">
					<FONT face="Verdana, Arial, Helvetica, sans-serif" size="-1">
					<font color="#FF0000"><b>DB query error.</b></font><br>
					Please try later.
					</font><br>
									</td>
			</tr>
		</table></td>
	</tr>
</table>
<br><br><br>
<pre>[Bitrix\Main\DB\SqlQueryException] 
Mysql query error: (1267) Illegal mix of collations (utf8_general_ci,COERCIBLE) and (utf8_unicode_ci,COERCIBLE) for operation '=' (400)

UPDATE i_objects as t1 INNER JOIN (
SELECT
*
FROM (SELECT
  MAX(LAST_MODIFY) as LAST_MODIFY,
  JSON_EXTRACT(INFO,'$.parent_id') as parent_id,
  SUM(IF (JSON_UNQUOTE(JSON_EXTRACT(INFO,'$.deal_type')) = 'sale', 1, 0)) as sale,
  SUM(IF (JSON_UNQUOTE(JSON_EXTRACT(INFO,'$.deal_type')) != 'sale', 1, 0)) as rent,
  MAX(JSON_UNQUOTE(JSON_EXTRACT(INFO,'$.active'))) as active,
  JSON_UNQUOTE(JSON_EXTRACT(INFO,'$.realty_type')) as realty_type,

  SUM(IF (JSON_UNQUOTE(JSON_EXTRACT(INFO,'$.object_type')) = 'офис', 1, 0)) as count_offise,
  SUM(IF (JSON_UNQUOTE(JSON_EXTRACT(INFO,'$.object_type')) = 'Дом', 1, 0)) as count_house,
  SUM(IF (JSON_UNQUOTE(JSON_EXTRACT(INFO,'$.object_type')) = 'Участок', 1, 0)) as count_weaving,
  SUM(IF (JSON_UNQUOTE(JSON_EXTRACT(INFO,'$.object_type')) = 'Таунхаус', 1, 0)) as count_taun,

  CONCAT('[', GROUP_CONCAT(DISTINCT JSON_EXTRACT(INFO,'$.area')), ']') as area,
  CONCAT('[', GROUP_CONCAT(DISTINCT JSON_EXTRACT(INFO,'$.finish_type')), ']') as finish_type,
  CONCAT('[', GROUP_CONCAT(DISTINCT JSON_EXTRACT(INFO,'$.rooms')), ']') as rooms,
  CONCAT('[', GROUP_CONCAT(DISTINCT JSON_EXTRACT(INFO,'$.parking')), ']') as parking,
  CONCAT('[', GROUP_CONCAT(DISTINCT JSON_EXTRACT(INFO,'$.object_type')), ']') as object_type,

  CONCAT('[', GROUP_CONCAT(DISTINCT JSON_EXTRACT(INFO,'$.price_eur')), ']') as price_eur,
  CONCAT('[', GROUP_CONCAT(DISTINCT JSON_EXTRACT(INFO,'$.price_dol')), ']') as price_dol,
  CONCAT('[', GROUP_CONCAT(DISTINCT JSON_EXTRACT(INFO,'$.price_rub')), ']') as price_rub,
  CONCAT('[', GROUP_CONCAT(DISTINCT JSON_EXTRACT(INFO,'$.price_pound')), ']') as price_pound,

  CONCAT('[', GROUP_CONCAT(DISTINCT JSON_EXTRACT(INFO,'$.area_building')), ']') as area_building,
  CONCAT('[', GROUP_CONCAT(DISTINCT JSON_EXTRACT(INFO,'$.area_weaving')), ']') as area_weaving,
  CONCAT('[', GROUP_CONCAT(DISTINCT JSON_EXTRACT(INFO,'$.distance_mkad')), ']') as distance_mkad,
  CONCAT('[', GROUP_CONCAT(DISTINCT JSON_EXTRACT(INFO,'$.country_type')), ']') as country_type,
  CONCAT('[', GROUP_CONCAT(DISTINCT JSON_EXTRACT(INFO,'$.bedrooms')), ']') as bedrooms
  FROM i_objects WHERE active = 1 group by parent_id having parent_id &lt;&gt; 0) as t3
) as t2 ON t1.ID = t2.parent_id SET t1.ACTIVE=t2.active, t1.LAST_MODIFY = IF(t1.LAST_MODIFY &lt; t2.LAST_MODIFY,t2.LAST_MODIFY,t1.LAST_MODIFY), INFO = JSON_SET(INFO,
	'$.jk_sale_count', t2.sale,
	'$.jk_rent_count', t2.rent,
    '$.date_update', t2.LAST_MODIFY,
	'$.active', t2.active,
	'$.isJk', 1,
    '$.realty_type', t2.realty_type,

    '$.jk_count_offise', t2.count_offise,
    '$.jk_count_house', t2.count_house,
	'$.jk_count_weaving', t2.count_weaving,
	'$.jk_count_taun', t2.count_taun,

	'$.area', JSON_QUERY(t2.area, '$'),
	'$.finish_type', JSON_QUERY(t2.finish_type, '$'),
	'$.rooms', JSON_QUERY(t2.rooms, '$'),
	'$.parking', JSON_QUERY(t2.parking, '$'),
	'$.object_type', JSON_QUERY(t2.object_type, '$'),

	'$.price_eur', JSON_QUERY(t2.price_eur, '$'),
	'$.price_dol', JSON_QUERY(t2.price_dol, '$'),
  '$.price_rub', JSON_QUERY(t2.price_rub, '$'),
  '$.price_pound', JSON_QUERY(t2.price_pound, '$'),

	'$.area_building', JSON_QUERY(t2.area_building, '$'),
	'$.area_weaving', JSON_QUERY(t2.area_weaving, '$'),
	'$.distance_mkad', JSON_QUERY(t2.distance_mkad, '$'),
	'$.country_type', JSON_QUERY(t2.country_type, '$'),
	'$.bedrooms', JSON_QUERY(t2.bedrooms, '$'))

/var/www/saffariestate.ru/htdocs/bitrix/modules/main/lib/db/mysqliconnection.php:137
#0: Bitrix\Main\DB\MysqliConnection-&gt;queryInternal(string, array, NULL)
	/var/www/saffariestate.ru/htdocs/bitrix/modules/main/lib/db/connection.php:330
#1: Bitrix\Main\DB\Connection-&gt;query(string, NULL)
	/var/www/saffariestate.ru/htdocs/bitrix/modules/main/lib/db/connection.php:379
#2: Bitrix\Main\DB\Connection-&gt;queryExecute(string)
	/var/www/saffariestate.ru/htdocs/cron/import/update_jk.php:10
</pre><pre>[Bitrix\Main\DB\SqlQueryException] 
Mysql query error: (1267) Illegal mix of collations (utf8_general_ci,COERCIBLE) and (utf8_unicode_ci,COERCIBLE) for operation '=' (400)

UPDATE i_objects as t1 INNER JOIN (
SELECT
*
FROM (SELECT
  MAX(LAST_MODIFY) as LAST_MODIFY,
  JSON_EXTRACT(INFO,'$.parent_id') as parent_id,
  SUM(IF (JSON_UNQUOTE(JSON_EXTRACT(INFO,'$.deal_type')) = 'sale', 1, 0)) as sale,
  SUM(IF (JSON_UNQUOTE(JSON_EXTRACT(INFO,'$.deal_type')) != 'sale', 1, 0)) as rent,
  MAX(JSON_UNQUOTE(JSON_EXTRACT(INFO,'$.active'))) as active,
  JSON_UNQUOTE(JSON_EXTRACT(INFO,'$.realty_type')) as realty_type,

  SUM(IF (JSON_UNQUOTE(JSON_EXTRACT(INFO,'$.object_type')) = 'офис', 1, 0)) as count_offise,
  SUM(IF (JSON_UNQUOTE(JSON_EXTRACT(INFO,'$.object_type')) = 'Дом', 1, 0)) as count_house,
  SUM(IF (JSON_UNQUOTE(JSON_EXTRACT(INFO,'$.object_type')) = 'Участок', 1, 0)) as count_weaving,
  SUM(IF (JSON_UNQUOTE(JSON_EXTRACT(INFO,'$.object_type')) = 'Таунхаус', 1, 0)) as count_taun,

  CONCAT('[', GROUP_CONCAT(DISTINCT JSON_EXTRACT(INFO,'$.area')), ']') as area,
  CONCAT('[', GROUP_CONCAT(DISTINCT JSON_EXTRACT(INFO,'$.finish_type')), ']') as finish_type,
  CONCAT('[', GROUP_CONCAT(DISTINCT JSON_EXTRACT(INFO,'$.rooms')), ']') as rooms,
  CONCAT('[', GROUP_CONCAT(DISTINCT JSON_EXTRACT(INFO,'$.parking')), ']') as parking,
  CONCAT('[', GROUP_CONCAT(DISTINCT JSON_EXTRACT(INFO,'$.object_type')), ']') as object_type,

  CONCAT('[', GROUP_CONCAT(DISTINCT JSON_EXTRACT(INFO,'$.price_eur')), ']') as price_eur,
  CONCAT('[', GROUP_CONCAT(DISTINCT JSON_EXTRACT(INFO,'$.price_dol')), ']') as price_dol,
  CONCAT('[', GROUP_CONCAT(DISTINCT JSON_EXTRACT(INFO,'$.price_rub')), ']') as price_rub,
  CONCAT('[', GROUP_CONCAT(DISTINCT JSON_EXTRACT(INFO,'$.price_pound')), ']') as price_pound,

  CONCAT('[', GROUP_CONCAT(DISTINCT JSON_EXTRACT(INFO,'$.area_building')), ']') as area_building,
  CONCAT('[', GROUP_CONCAT(DISTINCT JSON_EXTRACT(INFO,'$.area_weaving')), ']') as area_weaving,
  CONCAT('[', GROUP_CONCAT(DISTINCT JSON_EXTRACT(INFO,'$.distance_mkad')), ']') as distance_mkad,
  CONCAT('[', GROUP_CONCAT(DISTINCT JSON_EXTRACT(INFO,'$.country_type')), ']') as country_type,
  CONCAT('[', GROUP_CONCAT(DISTINCT JSON_EXTRACT(INFO,'$.bedrooms')), ']') as bedrooms
  FROM i_objects WHERE active = 1 group by parent_id having parent_id &lt;&gt; 0) as t3
) as t2 ON t1.ID = t2.parent_id SET t1.ACTIVE=t2.active, t1.LAST_MODIFY = IF(t1.LAST_MODIFY &lt; t2.LAST_MODIFY,t2.LAST_MODIFY,t1.LAST_MODIFY), INFO = JSON_SET(INFO,
	'$.jk_sale_count', t2.sale,
	'$.jk_rent_count', t2.rent,
    '$.date_update', t2.LAST_MODIFY,
	'$.active', t2.active,
	'$.isJk', 1,
    '$.realty_type', t2.realty_type,

    '$.jk_count_offise', t2.count_offise,
    '$.jk_count_house', t2.count_house,
	'$.jk_count_weaving', t2.count_weaving,
	'$.jk_count_taun', t2.count_taun,

	'$.area', JSON_QUERY(t2.area, '$'),
	'$.finish_type', JSON_QUERY(t2.finish_type, '$'),
	'$.rooms', JSON_QUERY(t2.rooms, '$'),
	'$.parking', JSON_QUERY(t2.parking, '$'),
	'$.object_type', JSON_QUERY(t2.object_type, '$'),

	'$.price_eur', JSON_QUERY(t2.price_eur, '$'),
	'$.price_dol', JSON_QUERY(t2.price_dol, '$'),
  '$.price_rub', JSON_QUERY(t2.price_rub, '$'),
  '$.price_pound', JSON_QUERY(t2.price_pound, '$'),

	'$.area_building', JSON_QUERY(t2.area_building, '$'),
	'$.area_weaving', JSON_QUERY(t2.area_weaving, '$'),
	'$.distance_mkad', JSON_QUERY(t2.distance_mkad, '$'),
	'$.country_type', JSON_QUERY(t2.country_type, '$'),
	'$.bedrooms', JSON_QUERY(t2.bedrooms, '$'))

/var/www/saffariestate.ru/htdocs/bitrix/modules/main/lib/db/mysqliconnection.php:137
#0: Bitrix\Main\DB\MysqliConnection-&gt;queryInternal(string, array, NULL)
	/var/www/saffariestate.ru/htdocs/bitrix/modules/main/lib/db/connection.php:330
#1: Bitrix\Main\DB\Connection-&gt;query(string, NULL)
	/var/www/saffariestate.ru/htdocs/bitrix/modules/main/lib/db/connection.php:379
#2: Bitrix\Main\DB\Connection-&gt;queryExecute(string)
	/var/www/saffariestate.ru/htdocs/cron/import/update_jk.php:10
</pre><pre>[Bitrix\Main\DB\SqlQueryException] 
Mysql query error: (1267) Illegal mix of collations (utf8_general_ci,COERCIBLE) and (utf8_unicode_ci,COERCIBLE) for operation '=' (400)

UPDATE i_objects as t1 INNER JOIN (
SELECT
*
FROM (SELECT
  MAX(LAST_MODIFY) as LAST_MODIFY,
  JSON_EXTRACT(INFO,'$.parent_id') as parent_id,
  SUM(IF (JSON_UNQUOTE(JSON_EXTRACT(INFO,'$.deal_type')) = 'sale', 1, 0)) as sale,
  SUM(IF (JSON_UNQUOTE(JSON_EXTRACT(INFO,'$.deal_type')) != 'sale', 1, 0)) as rent,
  MAX(JSON_UNQUOTE(JSON_EXTRACT(INFO,'$.active'))) as active,
  JSON_UNQUOTE(JSON_EXTRACT(INFO,'$.realty_type')) as realty_type,

  SUM(IF (JSON_UNQUOTE(JSON_EXTRACT(INFO,'$.object_type')) = 'офис', 1, 0)) as count_offise,
  SUM(IF (JSON_UNQUOTE(JSON_EXTRACT(INFO,'$.object_type')) = 'Дом', 1, 0)) as count_house,
  SUM(IF (JSON_UNQUOTE(JSON_EXTRACT(INFO,'$.object_type')) = 'Участок', 1, 0)) as count_weaving,
  SUM(IF (JSON_UNQUOTE(JSON_EXTRACT(INFO,'$.object_type')) = 'Таунхаус', 1, 0)) as count_taun,

  CONCAT('[', GROUP_CONCAT(DISTINCT JSON_EXTRACT(INFO,'$.area')), ']') as area,
  CONCAT('[', GROUP_CONCAT(DISTINCT JSON_EXTRACT(INFO,'$.finish_type')), ']') as finish_type,
  CONCAT('[', GROUP_CONCAT(DISTINCT JSON_EXTRACT(INFO,'$.rooms')), ']') as rooms,
  CONCAT('[', GROUP_CONCAT(DISTINCT JSON_EXTRACT(INFO,'$.parking')), ']') as parking,
  CONCAT('[', GROUP_CONCAT(DISTINCT JSON_EXTRACT(INFO,'$.object_type')), ']') as object_type,

  CONCAT('[', GROUP_CONCAT(DISTINCT JSON_EXTRACT(INFO,'$.price_eur')), ']') as price_eur,
  CONCAT('[', GROUP_CONCAT(DISTINCT JSON_EXTRACT(INFO,'$.price_dol')), ']') as price_dol,
  CONCAT('[', GROUP_CONCAT(DISTINCT JSON_EXTRACT(INFO,'$.price_rub')), ']') as price_rub,
  CONCAT('[', GROUP_CONCAT(DISTINCT JSON_EXTRACT(INFO,'$.price_pound')), ']') as price_pound,

  CONCAT('[', GROUP_CONCAT(DISTINCT JSON_EXTRACT(INFO,'$.area_building')), ']') as area_building,
  CONCAT('[', GROUP_CONCAT(DISTINCT JSON_EXTRACT(INFO,'$.area_weaving')), ']') as area_weaving,
  CONCAT('[', GROUP_CONCAT(DISTINCT JSON_EXTRACT(INFO,'$.distance_mkad')), ']') as distance_mkad,
  CONCAT('[', GROUP_CONCAT(DISTINCT JSON_EXTRACT(INFO,'$.country_type')), ']') as country_type,
  CONCAT('[', GROUP_CONCAT(DISTINCT JSON_EXTRACT(INFO,'$.bedrooms')), ']') as bedrooms
  FROM i_objects WHERE active = 1 group by parent_id having parent_id &lt;&gt; 0) as t3
) as t2 ON t1.ID = t2.parent_id SET t1.ACTIVE=t2.active, t1.LAST_MODIFY = IF(t1.LAST_MODIFY &lt; t2.LAST_MODIFY,t2.LAST_MODIFY,t1.LAST_MODIFY), INFO = JSON_SET(INFO,
	'$.jk_sale_count', t2.sale,
	'$.jk_rent_count', t2.rent,
    '$.date_update', t2.LAST_MODIFY,
	'$.active', t2.active,
	'$.isJk', 1,
    '$.realty_type', t2.realty_type,

    '$.jk_count_offise', t2.count_offise,
    '$.jk_count_house', t2.count_house,
	'$.jk_count_weaving', t2.count_weaving,
	'$.jk_count_taun', t2.count_taun,

	'$.area', JSON_QUERY(t2.area, '$'),
	'$.finish_type', JSON_QUERY(t2.finish_type, '$'),
	'$.rooms', JSON_QUERY(t2.rooms, '$'),
	'$.parking', JSON_QUERY(t2.parking, '$'),
	'$.object_type', JSON_QUERY(t2.object_type, '$'),

	'$.price_eur', JSON_QUERY(t2.price_eur, '$'),
	'$.price_dol', JSON_QUERY(t2.price_dol, '$'),
  '$.price_rub', JSON_QUERY(t2.price_rub, '$'),
  '$.price_pound', JSON_QUERY(t2.price_pound, '$'),

	'$.area_building', JSON_QUERY(t2.area_building, '$'),
	'$.area_weaving', JSON_QUERY(t2.area_weaving, '$'),
	'$.distance_mkad', JSON_QUERY(t2.distance_mkad, '$'),
	'$.country_type', JSON_QUERY(t2.country_type, '$'),
	'$.bedrooms', JSON_QUERY(t2.bedrooms, '$'))

/var/www/saffariestate.ru/htdocs/bitrix/modules/main/lib/db/mysqliconnection.php:137
#0: Bitrix\Main\DB\MysqliConnection-&gt;queryInternal(string, array, NULL)
	/var/www/saffariestate.ru/htdocs/bitrix/modules/main/lib/db/connection.php:330
#1: Bitrix\Main\DB\Connection-&gt;query(string, NULL)
	/var/www/saffariestate.ru/htdocs/bitrix/modules/main/lib/db/connection.php:379
#2: Bitrix\Main\DB\Connection-&gt;queryExecute(string)
	/var/www/saffariestate.ru/htdocs/cron/import/update_jk.php:10
</pre><pre>[Bitrix\Main\DB\SqlQueryException] 
Mysql query error: (1267) Illegal mix of collations (utf8_general_ci,COERCIBLE) and (utf8_unicode_ci,COERCIBLE) for operation '=' (400)

UPDATE i_objects as t1 INNER JOIN (
SELECT
*
FROM (SELECT
  MAX(LAST_MODIFY) as LAST_MODIFY,
  JSON_EXTRACT(INFO,'$.parent_id') as parent_id,
  SUM(IF (JSON_UNQUOTE(JSON_EXTRACT(INFO,'$.deal_type')) = 'sale', 1, 0)) as sale,
  SUM(IF (JSON_UNQUOTE(JSON_EXTRACT(INFO,'$.deal_type')) != 'sale', 1, 0)) as rent,
  MAX(JSON_UNQUOTE(JSON_EXTRACT(INFO,'$.active'))) as active,
  JSON_UNQUOTE(JSON_EXTRACT(INFO,'$.realty_type')) as realty_type,

  SUM(IF (JSON_UNQUOTE(JSON_EXTRACT(INFO,'$.object_type')) = 'офис', 1, 0)) as count_offise,
  SUM(IF (JSON_UNQUOTE(JSON_EXTRACT(INFO,'$.object_type')) = 'Дом', 1, 0)) as count_house,
  SUM(IF (JSON_UNQUOTE(JSON_EXTRACT(INFO,'$.object_type')) = 'Участок', 1, 0)) as count_weaving,
  SUM(IF (JSON_UNQUOTE(JSON_EXTRACT(INFO,'$.object_type')) = 'Таунхаус', 1, 0)) as count_taun,

  CONCAT('[', GROUP_CONCAT(DISTINCT JSON_EXTRACT(INFO,'$.area')), ']') as area,
  CONCAT('[', GROUP_CONCAT(DISTINCT JSON_EXTRACT(INFO,'$.finish_type')), ']') as finish_type,
  CONCAT('[', GROUP_CONCAT(DISTINCT JSON_EXTRACT(INFO,'$.rooms')), ']') as rooms,
  CONCAT('[', GROUP_CONCAT(DISTINCT JSON_EXTRACT(INFO,'$.parking')), ']') as parking,
  CONCAT('[', GROUP_CONCAT(DISTINCT JSON_EXTRACT(INFO,'$.object_type')), ']') as object_type,

  CONCAT('[', GROUP_CONCAT(DISTINCT JSON_EXTRACT(INFO,'$.price_eur')), ']') as price_eur,
  CONCAT('[', GROUP_CONCAT(DISTINCT JSON_EXTRACT(INFO,'$.price_dol')), ']') as price_dol,
  CONCAT('[', GROUP_CONCAT(DISTINCT JSON_EXTRACT(INFO,'$.price_rub')), ']') as price_rub,
  CONCAT('[', GROUP_CONCAT(DISTINCT JSON_EXTRACT(INFO,'$.price_pound')), ']') as price_pound,

  CONCAT('[', GROUP_CONCAT(DISTINCT JSON_EXTRACT(INFO,'$.area_building')), ']') as area_building,
  CONCAT('[', GROUP_CONCAT(DISTINCT JSON_EXTRACT(INFO,'$.area_weaving')), ']') as area_weaving,
  CONCAT('[', GROUP_CONCAT(DISTINCT JSON_EXTRACT(INFO,'$.distance_mkad')), ']') as distance_mkad,
  CONCAT('[', GROUP_CONCAT(DISTINCT JSON_EXTRACT(INFO,'$.country_type')), ']') as country_type,
  CONCAT('[', GROUP_CONCAT(DISTINCT JSON_EXTRACT(INFO,'$.bedrooms')), ']') as bedrooms
  FROM i_objects WHERE active = 1 group by parent_id having parent_id &lt;&gt; 0) as t3
) as t2 ON t1.ID = t2.parent_id SET t1.ACTIVE=t2.active, t1.LAST_MODIFY = IF(t1.LAST_MODIFY &lt; t2.LAST_MODIFY,t2.LAST_MODIFY,t1.LAST_MODIFY), INFO = JSON_SET(INFO,
	'$.jk_sale_count', t2.sale,
	'$.jk_rent_count', t2.rent,
    '$.date_update', t2.LAST_MODIFY,
	'$.active', t2.active,
	'$.isJk', 1,
    '$.realty_type', t2.realty_type,

    '$.jk_count_offise', t2.count_offise,
    '$.jk_count_house', t2.count_house,
	'$.jk_count_weaving', t2.count_weaving,
	'$.jk_count_taun', t2.count_taun,

	'$.area', JSON_QUERY(t2.area, '$'),
	'$.finish_type', JSON_QUERY(t2.finish_type, '$'),
	'$.rooms', JSON_QUERY(t2.rooms, '$'),
	'$.parking', JSON_QUERY(t2.parking, '$'),
	'$.object_type', JSON_QUERY(t2.object_type, '$'),

	'$.price_eur', JSON_QUERY(t2.price_eur, '$'),
	'$.price_dol', JSON_QUERY(t2.price_dol, '$'),
  '$.price_rub', JSON_QUERY(t2.price_rub, '$'),
  '$.price_pound', JSON_QUERY(t2.price_pound, '$'),

	'$.area_building', JSON_QUERY(t2.area_building, '$'),
	'$.area_weaving', JSON_QUERY(t2.area_weaving, '$'),
	'$.distance_mkad', JSON_QUERY(t2.distance_mkad, '$'),
	'$.country_type', JSON_QUERY(t2.country_type, '$'),
	'$.bedrooms', JSON_QUERY(t2.bedrooms, '$'))

/var/www/saffariestate.ru/htdocs/bitrix/modules/main/lib/db/mysqliconnection.php:137
#0: Bitrix\Main\DB\MysqliConnection-&gt;queryInternal(string, array, NULL)
	/var/www/saffariestate.ru/htdocs/bitrix/modules/main/lib/db/connection.php:330
#1: Bitrix\Main\DB\Connection-&gt;query(string, NULL)
	/var/www/saffariestate.ru/htdocs/bitrix/modules/main/lib/db/connection.php:379
#2: Bitrix\Main\DB\Connection-&gt;queryExecute(string)
	/var/www/saffariestate.ru/htdocs/cron/import/update_jk.php:10
</pre><pre>[Bitrix\Main\DB\SqlQueryException] 
Mysql query error: (1267) Illegal mix of collations (utf8_general_ci,COERCIBLE) and (utf8_unicode_ci,COERCIBLE) for operation '=' (400)

UPDATE i_objects as t1 INNER JOIN (
SELECT
*
FROM (SELECT
  MAX(LAST_MODIFY) as LAST_MODIFY,
  JSON_EXTRACT(INFO,'$.parent_id') as parent_id,
  SUM(IF (JSON_UNQUOTE(JSON_EXTRACT(INFO,'$.deal_type')) = 'sale', 1, 0)) as sale,
  SUM(IF (JSON_UNQUOTE(JSON_EXTRACT(INFO,'$.deal_type')) != 'sale', 1, 0)) as rent,
  MAX(JSON_UNQUOTE(JSON_EXTRACT(INFO,'$.active'))) as active,
  JSON_UNQUOTE(JSON_EXTRACT(INFO,'$.realty_type')) as realty_type,

  SUM(IF (JSON_UNQUOTE(JSON_EXTRACT(INFO,'$.object_type')) = 'офис', 1, 0)) as count_offise,
  SUM(IF (JSON_UNQUOTE(JSON_EXTRACT(INFO,'$.object_type')) = 'Дом', 1, 0)) as count_house,
  SUM(IF (JSON_UNQUOTE(JSON_EXTRACT(INFO,'$.object_type')) = 'Участок', 1, 0)) as count_weaving,
  SUM(IF (JSON_UNQUOTE(JSON_EXTRACT(INFO,'$.object_type')) = 'Таунхаус', 1, 0)) as count_taun,

  CONCAT('[', GROUP_CONCAT(DISTINCT JSON_EXTRACT(INFO,'$.area')), ']') as area,
  CONCAT('[', GROUP_CONCAT(DISTINCT JSON_EXTRACT(INFO,'$.finish_type')), ']') as finish_type,
  CONCAT('[', GROUP_CONCAT(DISTINCT JSON_EXTRACT(INFO,'$.rooms')), ']') as rooms,
  CONCAT('[', GROUP_CONCAT(DISTINCT JSON_EXTRACT(INFO,'$.parking')), ']') as parking,
  CONCAT('[', GROUP_CONCAT(DISTINCT JSON_EXTRACT(INFO,'$.object_type')), ']') as object_type,

  CONCAT('[', GROUP_CONCAT(DISTINCT JSON_EXTRACT(INFO,'$.price_eur')), ']') as price_eur,
  CONCAT('[', GROUP_CONCAT(DISTINCT JSON_EXTRACT(INFO,'$.price_dol')), ']') as price_dol,
  CONCAT('[', GROUP_CONCAT(DISTINCT JSON_EXTRACT(INFO,'$.price_rub')), ']') as price_rub,
  CONCAT('[', GROUP_CONCAT(DISTINCT JSON_EXTRACT(INFO,'$.price_pound')), ']') as price_pound,

  CONCAT('[', GROUP_CONCAT(DISTINCT JSON_EXTRACT(INFO,'$.area_building')), ']') as area_building,
  CONCAT('[', GROUP_CONCAT(DISTINCT JSON_EXTRACT(INFO,'$.area_weaving')), ']') as area_weaving,
  CONCAT('[', GROUP_CONCAT(DISTINCT JSON_EXTRACT(INFO,'$.distance_mkad')), ']') as distance_mkad,
  CONCAT('[', GROUP_CONCAT(DISTINCT JSON_EXTRACT(INFO,'$.country_type')), ']') as country_type,
  CONCAT('[', GROUP_CONCAT(DISTINCT JSON_EXTRACT(INFO,'$.bedrooms')), ']') as bedrooms
  FROM i_objects WHERE active = 1 group by parent_id having parent_id &lt;&gt; 0) as t3
) as t2 ON t1.ID = t2.parent_id SET t1.ACTIVE=t2.active, t1.LAST_MODIFY = IF(t1.LAST_MODIFY &lt; t2.LAST_MODIFY,t2.LAST_MODIFY,t1.LAST_MODIFY), INFO = JSON_SET(INFO,
	'$.jk_sale_count', t2.sale,
	'$.jk_rent_count', t2.rent,
    '$.date_update', t2.LAST_MODIFY,
	'$.active', t2.active,
	'$.isJk', 1,
    '$.realty_type', t2.realty_type,

    '$.jk_count_offise', t2.count_offise,
    '$.jk_count_house', t2.count_house,
	'$.jk_count_weaving', t2.count_weaving,
	'$.jk_count_taun', t2.count_taun,

	'$.area', JSON_QUERY(t2.area, '$'),
	'$.finish_type', JSON_QUERY(t2.finish_type, '$'),
	'$.rooms', JSON_QUERY(t2.rooms, '$'),
	'$.parking', JSON_QUERY(t2.parking, '$'),
	'$.object_type', JSON_QUERY(t2.object_type, '$'),

	'$.price_eur', JSON_QUERY(t2.price_eur, '$'),
	'$.price_dol', JSON_QUERY(t2.price_dol, '$'),
  '$.price_rub', JSON_QUERY(t2.price_rub, '$'),
  '$.price_pound', JSON_QUERY(t2.price_pound, '$'),

	'$.area_building', JSON_QUERY(t2.area_building, '$'),
	'$.area_weaving', JSON_QUERY(t2.area_weaving, '$'),
	'$.distance_mkad', JSON_QUERY(t2.distance_mkad, '$'),
	'$.country_type', JSON_QUERY(t2.country_type, '$'),
	'$.bedrooms', JSON_QUERY(t2.bedrooms, '$'))

/var/www/saffariestate.ru/htdocs/bitrix/modules/main/lib/db/mysqliconnection.php:137
#0: Bitrix\Main\DB\MysqliConnection-&gt;queryInternal(string, array, NULL)
	/var/www/saffariestate.ru/htdocs/bitrix/modules/main/lib/db/connection.php:330
#1: Bitrix\Main\DB\Connection-&gt;query(string, NULL)
	/var/www/saffariestate.ru/htdocs/bitrix/modules/main/lib/db/connection.php:379
#2: Bitrix\Main\DB\Connection-&gt;queryExecute(string)
	/var/www/saffariestate.ru/htdocs/cron/import/update_jk.php:10
</pre><pre>[Bitrix\Main\DB\SqlQueryException] 
Mysql query error: (1267) Illegal mix of collations (utf8_general_ci,COERCIBLE) and (utf8_unicode_ci,COERCIBLE) for operation '=' (400)

UPDATE i_objects as t1 INNER JOIN (
SELECT
*
FROM (SELECT
  MAX(LAST_MODIFY) as LAST_MODIFY,
  JSON_EXTRACT(INFO,'$.parent_id') as parent_id,
  SUM(IF (JSON_UNQUOTE(JSON_EXTRACT(INFO,'$.deal_type')) = 'sale', 1, 0)) as sale,
  SUM(IF (JSON_UNQUOTE(JSON_EXTRACT(INFO,'$.deal_type')) != 'sale', 1, 0)) as rent,
  MAX(JSON_UNQUOTE(JSON_EXTRACT(INFO,'$.active'))) as active,
  JSON_UNQUOTE(JSON_EXTRACT(INFO,'$.realty_type')) as realty_type,

  SUM(IF (JSON_UNQUOTE(JSON_EXTRACT(INFO,'$.object_type')) = 'офис', 1, 0)) as count_offise,
  SUM(IF (JSON_UNQUOTE(JSON_EXTRACT(INFO,'$.object_type')) = 'Дом', 1, 0)) as count_house,
  SUM(IF (JSON_UNQUOTE(JSON_EXTRACT(INFO,'$.object_type')) = 'Участок', 1, 0)) as count_weaving,
  SUM(IF (JSON_UNQUOTE(JSON_EXTRACT(INFO,'$.object_type')) = 'Таунхаус', 1, 0)) as count_taun,

  CONCAT('[', GROUP_CONCAT(DISTINCT JSON_EXTRACT(INFO,'$.area')), ']') as area,
  CONCAT('[', GROUP_CONCAT(DISTINCT JSON_EXTRACT(INFO,'$.finish_type')), ']') as finish_type,
  CONCAT('[', GROUP_CONCAT(DISTINCT JSON_EXTRACT(INFO,'$.rooms')), ']') as rooms,
  CONCAT('[', GROUP_CONCAT(DISTINCT JSON_EXTRACT(INFO,'$.parking')), ']') as parking,
  CONCAT('[', GROUP_CONCAT(DISTINCT JSON_EXTRACT(INFO,'$.object_type')), ']') as object_type,

  CONCAT('[', GROUP_CONCAT(DISTINCT JSON_EXTRACT(INFO,'$.price_eur')), ']') as price_eur,
  CONCAT('[', GROUP_CONCAT(DISTINCT JSON_EXTRACT(INFO,'$.price_dol')), ']') as price_dol,
  CONCAT('[', GROUP_CONCAT(DISTINCT JSON_EXTRACT(INFO,'$.price_rub')), ']') as price_rub,
  CONCAT('[', GROUP_CONCAT(DISTINCT JSON_EXTRACT(INFO,'$.price_pound')), ']') as price_pound,

  CONCAT('[', GROUP_CONCAT(DISTINCT JSON_EXTRACT(INFO,'$.area_building')), ']') as area_building,
  CONCAT('[', GROUP_CONCAT(DISTINCT JSON_EXTRACT(INFO,'$.area_weaving')), ']') as area_weaving,
  CONCAT('[', GROUP_CONCAT(DISTINCT JSON_EXTRACT(INFO,'$.distance_mkad')), ']') as distance_mkad,
  CONCAT('[', GROUP_CONCAT(DISTINCT JSON_EXTRACT(INFO,'$.country_type')), ']') as country_type,
  CONCAT('[', GROUP_CONCAT(DISTINCT JSON_EXTRACT(INFO,'$.bedrooms')), ']') as bedrooms
  FROM i_objects WHERE active = 1 group by parent_id having parent_id &lt;&gt; 0) as t3
) as t2 ON t1.ID = t2.parent_id SET t1.ACTIVE=t2.active, t1.LAST_MODIFY = IF(t1.LAST_MODIFY &lt; t2.LAST_MODIFY,t2.LAST_MODIFY,t1.LAST_MODIFY), INFO = JSON_SET(INFO,
	'$.jk_sale_count', t2.sale,
	'$.jk_rent_count', t2.rent,
    '$.date_update', t2.LAST_MODIFY,
	'$.active', t2.active,
	'$.isJk', 1,
    '$.realty_type', t2.realty_type,

    '$.jk_count_offise', t2.count_offise,
    '$.jk_count_house', t2.count_house,
	'$.jk_count_weaving', t2.count_weaving,
	'$.jk_count_taun', t2.count_taun,

	'$.area', JSON_QUERY(t2.area, '$'),
	'$.finish_type', JSON_QUERY(t2.finish_type, '$'),
	'$.rooms', JSON_QUERY(t2.rooms, '$'),
	'$.parking', JSON_QUERY(t2.parking, '$'),
	'$.object_type', JSON_QUERY(t2.object_type, '$'),

	'$.price_eur', JSON_QUERY(t2.price_eur, '$'),
	'$.price_dol', JSON_QUERY(t2.price_dol, '$'),
  '$.price_rub', JSON_QUERY(t2.price_rub, '$'),
  '$.price_pound', JSON_QUERY(t2.price_pound, '$'),

	'$.area_building', JSON_QUERY(t2.area_building, '$'),
	'$.area_weaving', JSON_QUERY(t2.area_weaving, '$'),
	'$.distance_mkad', JSON_QUERY(t2.distance_mkad, '$'),
	'$.country_type', JSON_QUERY(t2.country_type, '$'),
	'$.bedrooms', JSON_QUERY(t2.bedrooms, '$'))

/var/www/saffariestate.ru/htdocs/bitrix/modules/main/lib/db/mysqliconnection.php:137
#0: Bitrix\Main\DB\MysqliConnection-&gt;queryInternal(string, array, NULL)
	/var/www/saffariestate.ru/htdocs/bitrix/modules/main/lib/db/connection.php:330
#1: Bitrix\Main\DB\Connection-&gt;query(string, NULL)
	/var/www/saffariestate.ru/htdocs/bitrix/modules/main/lib/db/connection.php:379
#2: Bitrix\Main\DB\Connection-&gt;queryExecute(string)
	/var/www/saffariestate.ru/htdocs/cron/import/update_jk.php:10
</pre><pre>[Bitrix\Main\DB\SqlQueryException] 
Mysql query error: (1267) Illegal mix of collations (utf8_general_ci,COERCIBLE) and (utf8_unicode_ci,COERCIBLE) for operation '=' (400)

UPDATE i_objects as t1 INNER JOIN (
SELECT
*
FROM (SELECT
  MAX(LAST_MODIFY) as LAST_MODIFY,
  JSON_EXTRACT(INFO,'$.parent_id') as parent_id,
  SUM(IF (JSON_UNQUOTE(JSON_EXTRACT(INFO,'$.deal_type')) = 'sale', 1, 0)) as sale,
  SUM(IF (JSON_UNQUOTE(JSON_EXTRACT(INFO,'$.deal_type')) != 'sale', 1, 0)) as rent,
  MAX(JSON_UNQUOTE(JSON_EXTRACT(INFO,'$.active'))) as active,
  JSON_UNQUOTE(JSON_EXTRACT(INFO,'$.realty_type')) as realty_type,

  SUM(IF (JSON_UNQUOTE(JSON_EXTRACT(INFO,'$.object_type')) = 'офис', 1, 0)) as count_offise,
  SUM(IF (JSON_UNQUOTE(JSON_EXTRACT(INFO,'$.object_type')) = 'Дом', 1, 0)) as count_house,
  SUM(IF (JSON_UNQUOTE(JSON_EXTRACT(INFO,'$.object_type')) = 'Участок', 1, 0)) as count_weaving,
  SUM(IF (JSON_UNQUOTE(JSON_EXTRACT(INFO,'$.object_type')) = 'Таунхаус', 1, 0)) as count_taun,

  CONCAT('[', GROUP_CONCAT(DISTINCT JSON_EXTRACT(INFO,'$.area')), ']') as area,
  CONCAT('[', GROUP_CONCAT(DISTINCT JSON_EXTRACT(INFO,'$.finish_type')), ']') as finish_type,
  CONCAT('[', GROUP_CONCAT(DISTINCT JSON_EXTRACT(INFO,'$.rooms')), ']') as rooms,
  CONCAT('[', GROUP_CONCAT(DISTINCT JSON_EXTRACT(INFO,'$.parking')), ']') as parking,
  CONCAT('[', GROUP_CONCAT(DISTINCT JSON_EXTRACT(INFO,'$.object_type')), ']') as object_type,

  CONCAT('[', GROUP_CONCAT(DISTINCT JSON_EXTRACT(INFO,'$.price_eur')), ']') as price_eur,
  CONCAT('[', GROUP_CONCAT(DISTINCT JSON_EXTRACT(INFO,'$.price_dol')), ']') as price_dol,
  CONCAT('[', GROUP_CONCAT(DISTINCT JSON_EXTRACT(INFO,'$.price_rub')), ']') as price_rub,
  CONCAT('[', GROUP_CONCAT(DISTINCT JSON_EXTRACT(INFO,'$.price_pound')), ']') as price_pound,

  CONCAT('[', GROUP_CONCAT(DISTINCT JSON_EXTRACT(INFO,'$.area_building')), ']') as area_building,
  CONCAT('[', GROUP_CONCAT(DISTINCT JSON_EXTRACT(INFO,'$.area_weaving')), ']') as area_weaving,
  CONCAT('[', GROUP_CONCAT(DISTINCT JSON_EXTRACT(INFO,'$.distance_mkad')), ']') as distance_mkad,
  CONCAT('[', GROUP_CONCAT(DISTINCT JSON_EXTRACT(INFO,'$.country_type')), ']') as country_type,
  CONCAT('[', GROUP_CONCAT(DISTINCT JSON_EXTRACT(INFO,'$.bedrooms')), ']') as bedrooms
  FROM i_objects WHERE active = 1 group by parent_id having parent_id &lt;&gt; 0) as t3
) as t2 ON t1.ID = t2.parent_id SET t1.ACTIVE=t2.active, t1.LAST_MODIFY = IF(t1.LAST_MODIFY &lt; t2.LAST_MODIFY,t2.LAST_MODIFY,t1.LAST_MODIFY), INFO = JSON_SET(INFO,
	'$.jk_sale_count', t2.sale,
	'$.jk_rent_count', t2.rent,
    '$.date_update', t2.LAST_MODIFY,
	'$.active', t2.active,
	'$.isJk', 1,
    '$.realty_type', t2.realty_type,

    '$.jk_count_offise', t2.count_offise,
    '$.jk_count_house', t2.count_house,
	'$.jk_count_weaving', t2.count_weaving,
	'$.jk_count_taun', t2.count_taun,

	'$.area', JSON_QUERY(t2.area, '$'),
	'$.finish_type', JSON_QUERY(t2.finish_type, '$'),
	'$.rooms', JSON_QUERY(t2.rooms, '$'),
	'$.parking', JSON_QUERY(t2.parking, '$'),
	'$.object_type', JSON_QUERY(t2.object_type, '$'),

	'$.price_eur', JSON_QUERY(t2.price_eur, '$'),
	'$.price_dol', JSON_QUERY(t2.price_dol, '$'),
  '$.price_rub', JSON_QUERY(t2.price_rub, '$'),
  '$.price_pound', JSON_QUERY(t2.price_pound, '$'),

	'$.area_building', JSON_QUERY(t2.area_building, '$'),
	'$.area_weaving', JSON_QUERY(t2.area_weaving, '$'),
	'$.distance_mkad', JSON_QUERY(t2.distance_mkad, '$'),
	'$.country_type', JSON_QUERY(t2.country_type, '$'),
	'$.bedrooms', JSON_QUERY(t2.bedrooms, '$'))

/var/www/saffariestate.ru/htdocs/bitrix/modules/main/lib/db/mysqliconnection.php:137
#0: Bitrix\Main\DB\MysqliConnection-&gt;queryInternal(string, array, NULL)
	/var/www/saffariestate.ru/htdocs/bitrix/modules/main/lib/db/connection.php:330
#1: Bitrix\Main\DB\Connection-&gt;query(string, NULL)
	/var/www/saffariestate.ru/htdocs/bitrix/modules/main/lib/db/connection.php:379
#2: Bitrix\Main\DB\Connection-&gt;queryExecute(string)
	/var/www/saffariestate.ru/htdocs/cron/import/update_jk.php:10
</pre><pre>[Bitrix\Main\DB\SqlQueryException] 
Mysql query error: (1267) Illegal mix of collations (utf8_general_ci,COERCIBLE) and (utf8_unicode_ci,COERCIBLE) for operation '=' (400)

UPDATE i_objects as t1 INNER JOIN (
SELECT
*
FROM (SELECT
  MAX(LAST_MODIFY) as LAST_MODIFY,
  JSON_EXTRACT(INFO,'$.parent_id') as parent_id,
  SUM(IF (JSON_UNQUOTE(JSON_EXTRACT(INFO,'$.deal_type')) = 'sale', 1, 0)) as sale,
  SUM(IF (JSON_UNQUOTE(JSON_EXTRACT(INFO,'$.deal_type')) != 'sale', 1, 0)) as rent,
  MAX(JSON_UNQUOTE(JSON_EXTRACT(INFO,'$.active'))) as active,
  JSON_UNQUOTE(JSON_EXTRACT(INFO,'$.realty_type')) as realty_type,

  SUM(IF (JSON_UNQUOTE(JSON_EXTRACT(INFO,'$.object_type')) = 'офис', 1, 0)) as count_offise,
  SUM(IF (JSON_UNQUOTE(JSON_EXTRACT(INFO,'$.object_type')) = 'Дом', 1, 0)) as count_house,
  SUM(IF (JSON_UNQUOTE(JSON_EXTRACT(INFO,'$.object_type')) = 'Участок', 1, 0)) as count_weaving,
  SUM(IF (JSON_UNQUOTE(JSON_EXTRACT(INFO,'$.object_type')) = 'Таунхаус', 1, 0)) as count_taun,

  CONCAT('[', GROUP_CONCAT(DISTINCT JSON_EXTRACT(INFO,'$.area')), ']') as area,
  CONCAT('[', GROUP_CONCAT(DISTINCT JSON_EXTRACT(INFO,'$.finish_type')), ']') as finish_type,
  CONCAT('[', GROUP_CONCAT(DISTINCT JSON_EXTRACT(INFO,'$.rooms')), ']') as rooms,
  CONCAT('[', GROUP_CONCAT(DISTINCT JSON_EXTRACT(INFO,'$.parking')), ']') as parking,
  CONCAT('[', GROUP_CONCAT(DISTINCT JSON_EXTRACT(INFO,'$.object_type')), ']') as object_type,

  CONCAT('[', GROUP_CONCAT(DISTINCT JSON_EXTRACT(INFO,'$.price_eur')), ']') as price_eur,
  CONCAT('[', GROUP_CONCAT(DISTINCT JSON_EXTRACT(INFO,'$.price_dol')), ']') as price_dol,
  CONCAT('[', GROUP_CONCAT(DISTINCT JSON_EXTRACT(INFO,'$.price_rub')), ']') as price_rub,
  CONCAT('[', GROUP_CONCAT(DISTINCT JSON_EXTRACT(INFO,'$.price_pound')), ']') as price_pound,

  CONCAT('[', GROUP_CONCAT(DISTINCT JSON_EXTRACT(INFO,'$.area_building')), ']') as area_building,
  CONCAT('[', GROUP_CONCAT(DISTINCT JSON_EXTRACT(INFO,'$.area_weaving')), ']') as area_weaving,
  CONCAT('[', GROUP_CONCAT(DISTINCT JSON_EXTRACT(INFO,'$.distance_mkad')), ']') as distance_mkad,
  CONCAT('[', GROUP_CONCAT(DISTINCT JSON_EXTRACT(INFO,'$.country_type')), ']') as country_type,
  CONCAT('[', GROUP_CONCAT(DISTINCT JSON_EXTRACT(INFO,'$.bedrooms')), ']') as bedrooms
  FROM i_objects WHERE active = 1 group by parent_id having parent_id &lt;&gt; 0) as t3
) as t2 ON t1.ID = t2.parent_id SET t1.ACTIVE=t2.active, t1.LAST_MODIFY = IF(t1.LAST_MODIFY &lt; t2.LAST_MODIFY,t2.LAST_MODIFY,t1.LAST_MODIFY), INFO = JSON_SET(INFO,
	'$.jk_sale_count', t2.sale,
	'$.jk_rent_count', t2.rent,
    '$.date_update', t2.LAST_MODIFY,
	'$.active', t2.active,
	'$.isJk', 1,
    '$.realty_type', t2.realty_type,

    '$.jk_count_offise', t2.count_offise,
    '$.jk_count_house', t2.count_house,
	'$.jk_count_weaving', t2.count_weaving,
	'$.jk_count_taun', t2.count_taun,

	'$.area', JSON_QUERY(t2.area, '$'),
	'$.finish_type', JSON_QUERY(t2.finish_type, '$'),
	'$.rooms', JSON_QUERY(t2.rooms, '$'),
	'$.parking', JSON_QUERY(t2.parking, '$'),
	'$.object_type', JSON_QUERY(t2.object_type, '$'),

	'$.price_eur', JSON_QUERY(t2.price_eur, '$'),
	'$.price_dol', JSON_QUERY(t2.price_dol, '$'),
  '$.price_rub', JSON_QUERY(t2.price_rub, '$'),
  '$.price_pound', JSON_QUERY(t2.price_pound, '$'),

	'$.area_building', JSON_QUERY(t2.area_building, '$'),
	'$.area_weaving', JSON_QUERY(t2.area_weaving, '$'),
	'$.distance_mkad', JSON_QUERY(t2.distance_mkad, '$'),
	'$.country_type', JSON_QUERY(t2.country_type, '$'),
	'$.bedrooms', JSON_QUERY(t2.bedrooms, '$'))

/var/www/saffariestate.ru/htdocs/bitrix/modules/main/lib/db/mysqliconnection.php:137
#0: Bitrix\Main\DB\MysqliConnection-&gt;queryInternal(string, array, NULL)
	/var/www/saffariestate.ru/htdocs/bitrix/modules/main/lib/db/connection.php:330
#1: Bitrix\Main\DB\Connection-&gt;query(string, NULL)
	/var/www/saffariestate.ru/htdocs/bitrix/modules/main/lib/db/connection.php:379
#2: Bitrix\Main\DB\Connection-&gt;queryExecute(string)
	/var/www/saffariestate.ru/htdocs/cron/import/update_jk.php:10
</pre>