2019-06-13 16:04:32 -  - exec CUpdateClientPartner::GetUpdatesList
2019-06-13 16:04:32 -  - exec CUpdateClientPartner::__CollectRequestData
2019-06-13 16:04:32 -  - utf=Y&lang=ru&stable=Y&CANGZIP=Y&SUPD_DBS=MYSQL&XE=N&CLIENT_SITE=localhost&LICENSE_KEY=X&SUPD_STS=2&SUPD_URS=0&SUPD_URSA=1&TYPENC=D&CLIENT_PHPVER=5.6.30&NGINX=Y&dbv=5.7.22&instm=main%2C18.5.180%2CY%3Bsearch%2C18.5.200%2CN%3Bbitrix.sitecorporate%2C15.5.0%2CN%3Bblog%2C18.1.0%2CN%3Bbitrixcloud%2C18.5.0%2CN%3Bvote%2C17.5.1%2CN%3Bfileman%2C18.5.400%2CN%3Brest%2C18.5.7%2CN%3Bmessageservice%2C18.0.3%2CN%3Bb24connector%2C18.5.0%2CN%3Bform%2C18.0.0%2CN%3Bhighloadblock%2C18.5.100%2CN%3Bbitrix.siteinfoportal%2C15.5.0%2CN%3Bmobileapp%2C18.5.100%2CN%3Bsocialservices%2C18.5.100%2CN%3Blanding%2C18.6.75%2CN%3Bdigitalwand.admin_helper%2C2.0.0%2CN%3Bcompression%2C16.0.0%2CN%3Bsecurity%2C18.5.1%2CN%3Bforum%2C18.0.5%2CN%3Bui%2C18.5.150%2CN%3Bseo%2C18.6.100%2CN%3Bphotogallery%2C18.0.0%2CN%3Bclouds%2C18.0.0%2CN%3Bscale%2C17.5.0%2CN%3Biblock%2C18.6.400%2CN%3Bsubscribe%2C18.5.0%2CN%3Bbitrix.sitepersonal%2C15.5.0%2CN%3Bperfmon%2C18.5.0%2CN%3Btranslate%2C18.0.0%2CN&reqm=bitrix.sitecorporate%2Cbitrix.siteinfoportal%2Cdigitalwand.admin_helper%2Cbitrix.sitepersonal&fullmoduleinfo=Y&SUPD_SRS=RU&SUPD_CMP=N
2019-06-13 16:04:32 -  - exec CUpdateClientPartner::GetHTTPPage
2019-06-13 16:04:32 -  - TIME GetUpdatesList(request) 0.248 sec
2019-06-13 16:04:32 -  - exec CUpdateClientPartner::ParseServerData
2019-06-13 16:04:40 -  - exec CUpdateClientPartner::GetUpdatesList
2019-06-13 16:04:40 -  - exec CUpdateClientPartner::__CollectRequestData
2019-06-13 16:04:40 -  - utf=Y&lang=ru&stable=Y&CANGZIP=Y&SUPD_DBS=MYSQL&XE=N&CLIENT_SITE=localhost&LICENSE_KEY=X&SUPD_STS=2&SUPD_URS=0&SUPD_URSA=1&TYPENC=D&CLIENT_PHPVER=5.6.30&NGINX=Y&dbv=5.7.22&instm=main%2C18.5.180%2CY%3Bsearch%2C18.5.200%2CN%3Bbitrix.sitecorporate%2C15.5.0%2CN%3Bblog%2C18.1.0%2CN%3Bbitrixcloud%2C18.5.0%2CN%3Bvote%2C17.5.1%2CN%3Bfileman%2C18.5.400%2CN%3Brest%2C18.5.7%2CN%3Bmessageservice%2C18.0.3%2CN%3Bb24connector%2C18.5.0%2CN%3Bform%2C18.0.0%2CN%3Bhighloadblock%2C18.5.100%2CN%3Bbitrix.siteinfoportal%2C15.5.0%2CN%3Bmobileapp%2C18.5.100%2CN%3Bsocialservices%2C18.5.100%2CN%3Blanding%2C18.6.75%2CN%3Bdigitalwand.admin_helper%2C2.0.0%2CN%3Bcompression%2C16.0.0%2CN%3Bsecurity%2C18.5.1%2CN%3Bforum%2C18.0.5%2CN%3Bui%2C18.5.150%2CN%3Bseo%2C18.6.100%2CN%3Bphotogallery%2C18.0.0%2CN%3Bclouds%2C18.0.0%2CN%3Bscale%2C17.5.0%2CN%3Biblock%2C18.6.400%2CN%3Bsubscribe%2C18.5.0%2CN%3Bbitrix.sitepersonal%2C15.5.0%2CN%3Bperfmon%2C18.5.0%2CN%3Btranslate%2C18.0.0%2CN&reqm=bitrix.sitecorporate%2Cbitrix.siteinfoportal%2Cdigitalwand.admin_helper%2Cbitrix.sitepersonal&fullmoduleinfo=Y&SUPD_SRS=RU&SUPD_CMP=N
2019-06-13 16:04:40 -  - exec CUpdateClientPartner::GetHTTPPage
2019-06-13 16:04:40 -  - TIME GetUpdatesList(request) 0.317 sec
2019-06-13 16:04:40 -  - exec CUpdateClientPartner::ParseServerData
2019-06-13 16:05:52 -  - exec CUpdateClientPartner::GetUpdatesList
2019-06-13 16:05:52 -  - exec CUpdateClientPartner::__CollectRequestData
2019-06-13 16:05:52 -  - utf=Y&lang=ru&stable=Y&CANGZIP=Y&SUPD_DBS=MYSQL&XE=N&CLIENT_SITE=localhost&LICENSE_KEY=X&SUPD_STS=2&SUPD_URS=0&SUPD_URSA=1&TYPENC=D&CLIENT_PHPVER=5.6.30&NGINX=Y&dbv=5.7.22&instm=main%2C18.5.180%2CY%3Bsearch%2C18.5.200%2CN%3Bbitrix.sitecorporate%2C15.5.0%2CN%3Bblog%2C18.1.0%2CN%3Bbitrixcloud%2C18.5.0%2CN%3Bvote%2C17.5.1%2CN%3Bfileman%2C18.5.400%2CN%3Brest%2C18.5.7%2CN%3Bmessageservice%2C18.0.3%2CN%3Bb24connector%2C18.5.0%2CN%3Bform%2C18.0.0%2CN%3Bhighloadblock%2C18.5.100%2CN%3Bbitrix.siteinfoportal%2C15.5.0%2CN%3Bmobileapp%2C18.5.100%2CN%3Bidem%2C0.0.1%2CN%3Bsocialservices%2C18.5.100%2CN%3Blanding%2C18.6.75%2CN%3Bdigitalwand.admin_helper%2C2.0.0%2CN%3Bcompression%2C16.0.0%2CN%3Bsecurity%2C18.5.1%2CN%3Bforum%2C18.0.5%2CN%3Bui%2C18.5.150%2CN%3Bseo%2C18.6.100%2CN%3Bphotogallery%2C18.0.0%2CN%3Bclouds%2C18.0.0%2CN%3Bscale%2C17.5.0%2CN%3Biblock%2C18.6.400%2CN%3Bsubscribe%2C18.5.0%2CN%3Bbitrix.sitepersonal%2C15.5.0%2CN%3Bperfmon%2C18.5.0%2CN%3Btranslate%2C18.0.0%2CN&reqm=bitrix.sitecorporate%2Cbitrix.siteinfoportal%2Cdigitalwand.admin_helper%2Cbitrix.sitepersonal&fullmoduleinfo=Y&SUPD_SRS=RU&SUPD_CMP=N
2019-06-13 16:05:52 -  - exec CUpdateClientPartner::GetHTTPPage
2019-06-13 16:05:53 -  - TIME GetUpdatesList(request) 0.244 sec
2019-06-13 16:05:53 -  - exec CUpdateClientPartner::ParseServerData
2019-06-13 16:05:57 -  - exec CUpdateClientPartner::GetUpdatesList
2019-06-13 16:05:57 -  - exec CUpdateClientPartner::__CollectRequestData
2019-06-13 16:05:57 -  - utf=Y&lang=ru&stable=Y&CANGZIP=Y&SUPD_DBS=MYSQL&XE=N&CLIENT_SITE=localhost&LICENSE_KEY=X&SUPD_STS=2&SUPD_URS=0&SUPD_URSA=1&TYPENC=D&CLIENT_PHPVER=5.6.30&NGINX=Y&dbv=5.7.22&instm=main%2C18.5.180%2CY%3Bsearch%2C18.5.200%2CN%3Bbitrix.sitecorporate%2C15.5.0%2CN%3Bblog%2C18.1.0%2CN%3Bbitrixcloud%2C18.5.0%2CN%3Bvote%2C17.5.1%2CN%3Bfileman%2C18.5.400%2CN%3Brest%2C18.5.7%2CN%3Bmessageservice%2C18.0.3%2CN%3Bb24connector%2C18.5.0%2CN%3Bform%2C18.0.0%2CN%3Bhighloadblock%2C18.5.100%2CN%3Bbitrix.siteinfoportal%2C15.5.0%2CN%3Bmobileapp%2C18.5.100%2CN%3Bidem%2C0.0.1%2CN%3Bsocialservices%2C18.5.100%2CN%3Blanding%2C18.6.75%2CN%3Bdigitalwand.admin_helper%2C2.0.0%2CN%3Bcompression%2C16.0.0%2CN%3Bsecurity%2C18.5.1%2CN%3Bforum%2C18.0.5%2CN%3Bui%2C18.5.150%2CN%3Bseo%2C18.6.100%2CN%3Bphotogallery%2C18.0.0%2CN%3Bclouds%2C18.0.0%2CN%3Bscale%2C17.5.0%2CN%3Biblock%2C18.6.400%2CN%3Bsubscribe%2C18.5.0%2CN%3Bbitrix.sitepersonal%2C15.5.0%2CN%3Bperfmon%2C18.5.0%2CN%3Btranslate%2C18.0.0%2CN&reqm=bitrix.sitecorporate%2Cbitrix.siteinfoportal%2Cdigitalwand.admin_helper%2Cbitrix.sitepersonal&fullmoduleinfo=Y&SUPD_SRS=RU&SUPD_CMP=N
2019-06-13 16:05:57 -  - exec CUpdateClientPartner::GetHTTPPage
2019-06-13 16:05:57 -  - TIME GetUpdatesList(request) 0.243 sec
2019-06-13 16:05:57 -  - exec CUpdateClientPartner::ParseServerData
2019-06-13 16:05:59 -  - exec CUpdateClientPartner::GetUpdatesList
2019-06-13 16:05:59 -  - exec CUpdateClientPartner::__CollectRequestData
2019-06-13 16:05:59 -  - utf=Y&lang=ru&stable=Y&CANGZIP=Y&SUPD_DBS=MYSQL&XE=N&CLIENT_SITE=localhost&LICENSE_KEY=X&SUPD_STS=2&SUPD_URS=0&SUPD_URSA=1&TYPENC=D&CLIENT_PHPVER=5.6.30&NGINX=Y&dbv=5.7.22&instm=main%2C18.5.180%2CY%3Bsearch%2C18.5.200%2CN%3Bbitrix.sitecorporate%2C15.5.0%2CN%3Bblog%2C18.1.0%2CN%3Bbitrixcloud%2C18.5.0%2CN%3Bvote%2C17.5.1%2CN%3Bfileman%2C18.5.400%2CN%3Brest%2C18.5.7%2CN%3Bmessageservice%2C18.0.3%2CN%3Bb24connector%2C18.5.0%2CN%3Bform%2C18.0.0%2CN%3Bhighloadblock%2C18.5.100%2CN%3Bbitrix.siteinfoportal%2C15.5.0%2CN%3Bmobileapp%2C18.5.100%2CN%3Bidem%2C0.0.1%2CN%3Bsocialservices%2C18.5.100%2CN%3Blanding%2C18.6.75%2CN%3Bdigitalwand.admin_helper%2C2.0.0%2CN%3Bcompression%2C16.0.0%2CN%3Bsecurity%2C18.5.1%2CN%3Bforum%2C18.0.5%2CN%3Bui%2C18.5.150%2CN%3Bseo%2C18.6.100%2CN%3Bphotogallery%2C18.0.0%2CN%3Bclouds%2C18.0.0%2CN%3Bscale%2C17.5.0%2CN%3Biblock%2C18.6.400%2CN%3Bsubscribe%2C18.5.0%2CN%3Bbitrix.sitepersonal%2C15.5.0%2CN%3Bperfmon%2C18.5.0%2CN%3Btranslate%2C18.0.0%2CN&reqm=bitrix.sitecorporate%2Cbitrix.siteinfoportal%2Cdigitalwand.admin_helper%2Cbitrix.sitepersonal&SUPD_SRS=RU&SUPD_CMP=N
2019-06-13 16:05:59 -  - exec CUpdateClientPartner::GetHTTPPage
2019-06-13 16:05:59 -  - TIME GetUpdatesList(request) 0.234 sec
2019-06-13 16:05:59 -  - exec CUpdateClientPartner::ParseServerData
2019-06-13 16:06:03 -  - exec CUpdateClientPartner::GetUpdatesList
2019-06-13 16:06:03 -  - exec CUpdateClientPartner::__CollectRequestData
2019-06-13 16:06:03 -  - utf=Y&lang=ru&stable=Y&CANGZIP=Y&SUPD_DBS=MYSQL&XE=N&CLIENT_SITE=localhost&LICENSE_KEY=X&SUPD_STS=2&SUPD_URS=0&SUPD_URSA=1&TYPENC=D&CLIENT_PHPVER=5.6.30&NGINX=Y&dbv=5.7.22&instm=main%2C18.5.180%2CY%3Bsearch%2C18.5.200%2CN%3Bbitrix.sitecorporate%2C15.5.0%2CN%3Bblog%2C18.1.0%2CN%3Bbitrixcloud%2C18.5.0%2CN%3Bvote%2C17.5.1%2CN%3Bfileman%2C18.5.400%2CN%3Brest%2C18.5.7%2CN%3Bmessageservice%2C18.0.3%2CN%3Bb24connector%2C18.5.0%2CN%3Bform%2C18.0.0%2CN%3Bhighloadblock%2C18.5.100%2CN%3Bbitrix.siteinfoportal%2C15.5.0%2CN%3Bmobileapp%2C18.5.100%2CN%3Bidem%2C0.0.1%2CN%3Bsocialservices%2C18.5.100%2CN%3Blanding%2C18.6.75%2CN%3Bdigitalwand.admin_helper%2C2.0.0%2CN%3Bcompression%2C16.0.0%2CN%3Bsecurity%2C18.5.1%2CN%3Bforum%2C18.0.5%2CN%3Bui%2C18.5.150%2CN%3Bseo%2C18.6.100%2CN%3Bphotogallery%2C18.0.0%2CN%3Bclouds%2C18.0.0%2CN%3Bscale%2C17.5.0%2CN%3Biblock%2C18.6.400%2CN%3Bsubscribe%2C18.5.0%2CN%3Bbitrix.sitepersonal%2C15.5.0%2CN%3Bperfmon%2C18.5.0%2CN%3Btranslate%2C18.0.0%2CN&reqm=bitrix.sitecorporate%2Cbitrix.siteinfoportal%2Cdigitalwand.admin_helper%2Cbitrix.sitepersonal&SUPD_SRS=RU&SUPD_CMP=N
2019-06-13 16:06:03 -  - exec CUpdateClientPartner::GetHTTPPage
2019-06-13 16:06:03 -  - TIME GetUpdatesList(request) 0.242 sec
2019-06-13 16:06:03 -  - exec CUpdateClientPartner::ParseServerData
2019-06-13 16:06:04 -  - exec CUpdateClientPartner::GetUpdatesList
2019-06-13 16:06:04 -  - exec CUpdateClientPartner::__CollectRequestData
2019-06-13 16:06:04 -  - utf=Y&lang=ru&stable=Y&CANGZIP=Y&SUPD_DBS=MYSQL&XE=N&CLIENT_SITE=localhost&LICENSE_KEY=X&SUPD_STS=2&SUPD_URS=0&SUPD_URSA=1&TYPENC=D&CLIENT_PHPVER=5.6.30&NGINX=Y&dbv=5.7.22&instm=main%2C18.5.180%2CY%3Bsearch%2C18.5.200%2CN%3Bbitrix.sitecorporate%2C15.5.0%2CN%3Bblog%2C18.1.0%2CN%3Bbitrixcloud%2C18.5.0%2CN%3Bvote%2C17.5.1%2CN%3Bfileman%2C18.5.400%2CN%3Brest%2C18.5.7%2CN%3Bmessageservice%2C18.0.3%2CN%3Bb24connector%2C18.5.0%2CN%3Bform%2C18.0.0%2CN%3Bhighloadblock%2C18.5.100%2CN%3Bbitrix.siteinfoportal%2C15.5.0%2CN%3Bmobileapp%2C18.5.100%2CN%3Bidem%2C0.0.1%2CN%3Bsocialservices%2C18.5.100%2CN%3Blanding%2C18.6.75%2CN%3Bdigitalwand.admin_helper%2C2.0.0%2CN%3Bcompression%2C16.0.0%2CN%3Bsecurity%2C18.5.1%2CN%3Bforum%2C18.0.5%2CN%3Bui%2C18.5.150%2CN%3Bseo%2C18.6.100%2CN%3Bphotogallery%2C18.0.0%2CN%3Bclouds%2C18.0.0%2CN%3Bscale%2C17.5.0%2CN%3Biblock%2C18.6.400%2CN%3Bsubscribe%2C18.5.0%2CN%3Bbitrix.sitepersonal%2C15.5.0%2CN%3Bperfmon%2C18.5.0%2CN%3Btranslate%2C18.0.0%2CN&reqm=bitrix.sitecorporate%2Cbitrix.siteinfoportal%2Cdigitalwand.admin_helper%2Cbitrix.sitepersonal&fullmoduleinfo=Y&SUPD_SRS=RU&SUPD_CMP=N
2019-06-13 16:06:04 -  - exec CUpdateClientPartner::GetHTTPPage
2019-06-13 16:06:04 -  - TIME GetUpdatesList(request) 0.248 sec
2019-06-13 16:06:04 -  - exec CUpdateClientPartner::ParseServerData
2019-06-13 16:06:07 -  - exec CUpdateClientPartner::GetUpdatesList
2019-06-13 16:06:07 -  - exec CUpdateClientPartner::__CollectRequestData
2019-06-13 16:06:07 -  - utf=Y&lang=ru&stable=Y&CANGZIP=Y&SUPD_DBS=MYSQL&XE=N&CLIENT_SITE=localhost&LICENSE_KEY=X&SUPD_STS=2&SUPD_URS=0&SUPD_URSA=1&TYPENC=D&CLIENT_PHPVER=5.6.30&NGINX=Y&dbv=5.7.22&instm=main%2C18.5.180%2CY%3Bsearch%2C18.5.200%2CN%3Bbitrix.sitecorporate%2C15.5.0%2CN%3Bblog%2C18.1.0%2CN%3Bbitrixcloud%2C18.5.0%2CN%3Bvote%2C17.5.1%2CN%3Bfileman%2C18.5.400%2CN%3Brest%2C18.5.7%2CN%3Bmessageservice%2C18.0.3%2CN%3Bb24connector%2C18.5.0%2CN%3Bform%2C18.0.0%2CN%3Bhighloadblock%2C18.5.100%2CN%3Bbitrix.siteinfoportal%2C15.5.0%2CN%3Bmobileapp%2C18.5.100%2CN%3Bidem%2C0.0.1%2CN%3Bsocialservices%2C18.5.100%2CN%3Blanding%2C18.6.75%2CN%3Bdigitalwand.admin_helper%2C2.0.0%2CN%3Bcompression%2C16.0.0%2CN%3Bsecurity%2C18.5.1%2CN%3Bforum%2C18.0.5%2CN%3Bui%2C18.5.150%2CN%3Bseo%2C18.6.100%2CN%3Bphotogallery%2C18.0.0%2CN%3Bclouds%2C18.0.0%2CN%3Bscale%2C17.5.0%2CN%3Biblock%2C18.6.400%2CN%3Bsubscribe%2C18.5.0%2CN%3Bbitrix.sitepersonal%2C15.5.0%2CN%3Bperfmon%2C18.5.0%2CN%3Btranslate%2C18.0.0%2CN&reqm=bitrix.sitecorporate%2Cbitrix.siteinfoportal%2Cdigitalwand.admin_helper%2Cbitrix.sitepersonal&fullmoduleinfo=Y&SUPD_SRS=RU&SUPD_CMP=N
2019-06-13 16:06:07 -  - exec CUpdateClientPartner::GetHTTPPage
2019-06-13 16:06:07 -  - TIME GetUpdatesList(request) 0.274 sec
2019-06-13 16:06:07 -  - exec CUpdateClientPartner::ParseServerData
2019-06-13 16:07:37 -  - exec CUpdateClientPartner::GetUpdatesList
2019-06-13 16:07:37 -  - exec CUpdateClientPartner::__CollectRequestData
2019-06-13 16:07:37 -  - utf=Y&lang=ru&stable=Y&CANGZIP=Y&SUPD_DBS=MYSQL&XE=N&CLIENT_SITE=localhost&LICENSE_KEY=X&SUPD_STS=2&SUPD_URS=0&SUPD_URSA=1&TYPENC=D&CLIENT_PHPVER=5.6.30&NGINX=Y&dbv=5.7.22&instm=main%2C18.5.180%2CY%3Bsearch%2C18.5.200%2CN%3Bbitrix.sitecorporate%2C15.5.0%2CN%3Bblog%2C18.1.0%2CN%3Bbitrixcloud%2C18.5.0%2CN%3Bvote%2C17.5.1%2CN%3Bfileman%2C18.5.400%2CN%3Brest%2C18.5.7%2CN%3Bmessageservice%2C18.0.3%2CN%3Bb24connector%2C18.5.0%2CN%3Bform%2C18.0.0%2CN%3Bhighloadblock%2C18.5.100%2CN%3Bbitrix.siteinfoportal%2C15.5.0%2CN%3Bmobileapp%2C18.5.100%2CN%3Bsocialservices%2C18.5.100%2CN%3Blanding%2C18.6.75%2CN%3Bdigitalwand.admin_helper%2C2.0.0%2CN%3Bcompression%2C16.0.0%2CN%3Bsecurity%2C18.5.1%2CN%3Bforum%2C18.0.5%2CN%3Bui%2C18.5.150%2CN%3Bseo%2C18.6.100%2CN%3Bphotogallery%2C18.0.0%2CN%3Bclouds%2C18.0.0%2CN%3Bscale%2C17.5.0%2CN%3Biblock%2C18.6.400%2CN%3Bsubscribe%2C18.5.0%2CN%3Bbitrix.sitepersonal%2C15.5.0%2CN%3Bperfmon%2C18.5.0%2CN%3Btranslate%2C18.0.0%2CN&reqm=bitrix.sitecorporate%2Cbitrix.siteinfoportal%2Cdigitalwand.admin_helper%2Cbitrix.sitepersonal&fullmoduleinfo=Y&SUPD_SRS=RU&SUPD_CMP=N
2019-06-13 16:07:37 -  - exec CUpdateClientPartner::GetHTTPPage
2019-06-13 16:07:37 -  - TIME GetUpdatesList(request) 0.238 sec
2019-06-13 16:07:37 -  - exec CUpdateClientPartner::ParseServerData
2019-06-26 15:44:15 -  - exec CUpdateClientPartner::GetUpdatesList
2019-06-26 15:44:15 -  - exec CUpdateClientPartner::__CollectRequestData
2019-06-26 15:44:15 -  - utf=Y&lang=ru&stable=Y&CANGZIP=Y&SUPD_DBS=MYSQL&XE=N&CLIENT_SITE=localhost&LICENSE_KEY=X&SUPD_STS=2&SUPD_URS=0&SUPD_URSA=1&TYPENC=D&CLIENT_PHPVER=5.6.30&NGINX=Y&dbv=5.7.22&instm=main%2C18.5.180%2CY%3Bsearch%2C18.5.200%2CN%3Bbitrix.sitecorporate%2C15.5.0%2CN%3Bblog%2C18.1.0%2CN%3Bbitrixcloud%2C18.5.0%2CN%3Bvote%2C17.5.1%2CN%3Bfileman%2C18.5.400%2CN%3Brest%2C18.5.7%2CN%3Bmessageservice%2C18.0.3%2CN%3Bb24connector%2C18.5.0%2CN%3Bform%2C18.0.0%2CN%3Bhighloadblock%2C18.5.100%2CN%3Bbitrix.siteinfoportal%2C15.5.0%2CN%3Bmobileapp%2C18.5.100%2CN%3Bidem%2C0.0.1%2CN%3Bsocialservices%2C18.5.100%2CN%3Blanding%2C18.6.75%2CN%3Bdigitalwand.admin_helper%2C2.0.0%2CN%3Bcompression%2C16.0.0%2CN%3Bsecurity%2C18.5.1%2CN%3Bforum%2C18.0.5%2CN%3Bui%2C18.5.150%2CN%3Bseo%2C18.6.100%2CN%3Bphotogallery%2C18.0.0%2CN%3Bclouds%2C18.0.0%2CN%3Bscale%2C17.5.0%2CN%3Biblock%2C18.6.400%2CN%3Bsubscribe%2C18.5.0%2CN%3Bbitrix.sitepersonal%2C15.5.0%2CN%3Bperfmon%2C18.5.0%2CN%3Btranslate%2C18.0.0%2CN&reqm=bitrix.sitecorporate%2Cbitrix.siteinfoportal%2Cdigitalwand.admin_helper%2Cbitrix.sitepersonal&SUPD_SRS=RU&SUPD_CMP=N
2019-06-26 15:44:15 -  - exec CUpdateClientPartner::GetHTTPPage
2019-06-26 15:44:16 -  - TIME GetUpdatesList(request) 0.651 sec
2019-06-26 15:44:16 -  - exec CUpdateClientPartner::ParseServerData
2019-06-26 15:44:21 -  - exec CUpdateClientPartner::GetUpdatesList
2019-06-26 15:44:21 -  - exec CUpdateClientPartner::__CollectRequestData
2019-06-26 15:44:21 -  - utf=Y&lang=ru&stable=Y&CANGZIP=Y&SUPD_DBS=MYSQL&XE=N&CLIENT_SITE=localhost&LICENSE_KEY=X&SUPD_STS=2&SUPD_URS=0&SUPD_URSA=1&TYPENC=D&CLIENT_PHPVER=5.6.30&NGINX=Y&dbv=5.7.22&instm=main%2C18.5.180%2CY%3Bsearch%2C18.5.200%2CN%3Bbitrix.sitecorporate%2C15.5.0%2CN%3Bblog%2C18.1.0%2CN%3Bbitrixcloud%2C18.5.0%2CN%3Bvote%2C17.5.1%2CN%3Bfileman%2C18.5.400%2CN%3Brest%2C18.5.7%2CN%3Bmessageservice%2C18.0.3%2CN%3Bb24connector%2C18.5.0%2CN%3Bform%2C18.0.0%2CN%3Bhighloadblock%2C18.5.100%2CN%3Bbitrix.siteinfoportal%2C15.5.0%2CN%3Bmobileapp%2C18.5.100%2CN%3Bidem%2C0.0.1%2CN%3Bsocialservices%2C18.5.100%2CN%3Blanding%2C18.6.75%2CN%3Bdigitalwand.admin_helper%2C2.0.0%2CN%3Bcompression%2C16.0.0%2CN%3Bsecurity%2C18.5.1%2CN%3Bforum%2C18.0.5%2CN%3Bui%2C18.5.150%2CN%3Bseo%2C18.6.100%2CN%3Bphotogallery%2C18.0.0%2CN%3Bclouds%2C18.0.0%2CN%3Bscale%2C17.5.0%2CN%3Biblock%2C18.6.400%2CN%3Bsubscribe%2C18.5.0%2CN%3Bbitrix.sitepersonal%2C15.5.0%2CN%3Bperfmon%2C18.5.0%2CN%3Btranslate%2C18.0.0%2CN&reqm=bitrix.sitecorporate%2Cbitrix.siteinfoportal%2Cdigitalwand.admin_helper%2Cbitrix.sitepersonal&fullmoduleinfo=Y&SUPD_SRS=RU&SUPD_CMP=N
2019-06-26 15:44:21 -  - exec CUpdateClientPartner::GetHTTPPage
2019-06-26 15:44:21 -  - TIME GetUpdatesList(request) 0.241 sec
2019-06-26 15:44:21 -  - exec CUpdateClientPartner::ParseServerData
2019-06-26 15:44:28 -  - exec CUpdateClientPartner::GetUpdatesList
2019-06-26 15:44:28 -  - exec CUpdateClientPartner::__CollectRequestData
2019-06-26 15:44:28 -  - utf=Y&lang=ru&stable=Y&CANGZIP=Y&SUPD_DBS=MYSQL&XE=N&CLIENT_SITE=localhost&LICENSE_KEY=X&SUPD_STS=2&SUPD_URS=0&SUPD_URSA=1&TYPENC=D&CLIENT_PHPVER=5.6.30&NGINX=Y&dbv=5.7.22&instm=main%2C18.5.180%2CY%3Bsearch%2C18.5.200%2CN%3Bbitrix.sitecorporate%2C15.5.0%2CN%3Bblog%2C18.1.0%2CN%3Bbitrixcloud%2C18.5.0%2CN%3Bvote%2C17.5.1%2CN%3Bfileman%2C18.5.400%2CN%3Brest%2C18.5.7%2CN%3Bmessageservice%2C18.0.3%2CN%3Bb24connector%2C18.5.0%2CN%3Bform%2C18.0.0%2CN%3Bhighloadblock%2C18.5.100%2CN%3Bbitrix.siteinfoportal%2C15.5.0%2CN%3Bmobileapp%2C18.5.100%2CN%3Bidem%2C0.0.1%2CN%3Bsocialservices%2C18.5.100%2CN%3Blanding%2C18.6.75%2CN%3Bdigitalwand.admin_helper%2C2.0.0%2CN%3Bcompression%2C16.0.0%2CN%3Bsecurity%2C18.5.1%2CN%3Bforum%2C18.0.5%2CN%3Bui%2C18.5.150%2CN%3Bseo%2C18.6.100%2CN%3Bphotogallery%2C18.0.0%2CN%3Bclouds%2C18.0.0%2CN%3Bscale%2C17.5.0%2CN%3Biblock%2C18.6.400%2CN%3Bsubscribe%2C18.5.0%2CN%3Bbitrix.sitepersonal%2C15.5.0%2CN%3Bperfmon%2C18.5.0%2CN%3Btranslate%2C18.0.0%2CN&reqm=bitrix.sitecorporate%2Cbitrix.siteinfoportal%2Cdigitalwand.admin_helper%2Cbitrix.sitepersonal&fullmoduleinfo=Y&SUPD_SRS=RU&SUPD_CMP=N
2019-06-26 15:44:28 -  - exec CUpdateClientPartner::GetHTTPPage
2019-06-26 15:44:28 -  - TIME GetUpdatesList(request) 0.238 sec
2019-06-26 15:44:28 -  - exec CUpdateClientPartner::ParseServerData
2019-06-26 15:44:31 -  - exec CUpdateClientPartner::GetUpdatesList
2019-06-26 15:44:31 -  - exec CUpdateClientPartner::__CollectRequestData
2019-06-26 15:44:31 -  - utf=Y&lang=ru&stable=Y&CANGZIP=Y&SUPD_DBS=MYSQL&XE=N&CLIENT_SITE=localhost&LICENSE_KEY=X&SUPD_STS=2&SUPD_URS=0&SUPD_URSA=1&TYPENC=D&CLIENT_PHPVER=5.6.30&NGINX=Y&dbv=5.7.22&instm=main%2C18.5.180%2CY%3Bsearch%2C18.5.200%2CN%3Bbitrix.sitecorporate%2C15.5.0%2CN%3Bblog%2C18.1.0%2CN%3Bbitrixcloud%2C18.5.0%2CN%3Bvote%2C17.5.1%2CN%3Bfileman%2C18.5.400%2CN%3Brest%2C18.5.7%2CN%3Bmessageservice%2C18.0.3%2CN%3Bb24connector%2C18.5.0%2CN%3Bform%2C18.0.0%2CN%3Bhighloadblock%2C18.5.100%2CN%3Bbitrix.siteinfoportal%2C15.5.0%2CN%3Bmobileapp%2C18.5.100%2CN%3Bidem%2C0.0.1%2CN%3Bsocialservices%2C18.5.100%2CN%3Blanding%2C18.6.75%2CN%3Bdigitalwand.admin_helper%2C2.0.0%2CN%3Bcompression%2C16.0.0%2CN%3Bsecurity%2C18.5.1%2CN%3Bforum%2C18.0.5%2CN%3Bui%2C18.5.150%2CN%3Bseo%2C18.6.100%2CN%3Bphotogallery%2C18.0.0%2CN%3Bclouds%2C18.0.0%2CN%3Bscale%2C17.5.0%2CN%3Biblock%2C18.6.400%2CN%3Bsubscribe%2C18.5.0%2CN%3Bbitrix.sitepersonal%2C15.5.0%2CN%3Bperfmon%2C18.5.0%2CN%3Btranslate%2C18.0.0%2CN&reqm=bitrix.sitecorporate%2Cbitrix.siteinfoportal%2Cdigitalwand.admin_helper%2Cbitrix.sitepersonal&fullmoduleinfo=Y&SUPD_SRS=RU&SUPD_CMP=N
2019-06-26 15:44:31 -  - exec CUpdateClientPartner::GetHTTPPage
2019-06-26 15:44:31 -  - TIME GetUpdatesList(request) 0.232 sec
2019-06-26 15:44:31 -  - exec CUpdateClientPartner::ParseServerData
2019-06-27 11:24:10 -  - exec CUpdateClientPartner::GetUpdatesList
2019-06-27 11:24:10 -  - exec CUpdateClientPartner::__CollectRequestData
2019-06-27 11:24:10 -  - utf=Y&lang=ru&stable=Y&CANGZIP=Y&SUPD_DBS=MYSQL&XE=N&CLIENT_SITE=localhost&LICENSE_KEY=X&SUPD_STS=2&SUPD_URS=0&SUPD_URSA=1&TYPENC=D&CLIENT_PHPVER=5.6.30&NGINX=Y&dbv=5.7.22&instm=main%2C18.5.180%2CY%3Bsearch%2C18.5.200%2CN%3Bbitrix.sitecorporate%2C15.5.0%2CN%3Bblog%2C18.1.0%2CN%3Bbitrixcloud%2C18.5.0%2CN%3Bvote%2C17.5.1%2CN%3Bfileman%2C18.5.400%2CN%3Brest%2C18.5.7%2CN%3Bmessageservice%2C18.0.3%2CN%3Bb24connector%2C18.5.0%2CN%3Bform%2C18.0.0%2CN%3Bhighloadblock%2C18.5.100%2CN%3Bbitrix.siteinfoportal%2C15.5.0%2CN%3Bmobileapp%2C18.5.100%2CN%3Bidem%2C0.0.1%2CN%3Bsocialservices%2C18.5.100%2CN%3Blanding%2C18.6.75%2CN%3Bdigitalwand.admin_helper%2C2.0.0%2CN%3Bcompression%2C16.0.0%2CN%3Bsecurity%2C18.5.1%2CN%3Bforum%2C18.0.5%2CN%3Bui%2C18.5.150%2CN%3Bseo%2C18.6.100%2CN%3Bphotogallery%2C18.0.0%2CN%3Bclouds%2C18.0.0%2CN%3Bscale%2C17.5.0%2CN%3Biblock%2C18.6.400%2CN%3Bsubscribe%2C18.5.0%2CN%3Bbitrix.sitepersonal%2C15.5.0%2CN%3Bperfmon%2C18.5.0%2CN%3Btranslate%2C18.0.0%2CN&reqm=bitrix.sitecorporate%2Cbitrix.siteinfoportal%2Cdigitalwand.admin_helper%2Cbitrix.sitepersonal&SUPD_SRS=RU&SUPD_CMP=N
2019-06-27 11:24:10 -  - exec CUpdateClientPartner::GetHTTPPage
2019-06-27 11:24:12 -  - TIME GetUpdatesList(request) 2.548 sec
2019-06-27 11:24:12 -  - exec CUpdateClientPartner::ParseServerData
2019-06-27 11:24:16 -  - exec CUpdateClientPartner::GetUpdatesList
2019-06-27 11:24:16 -  - exec CUpdateClientPartner::__CollectRequestData
2019-06-27 11:24:16 -  - utf=Y&lang=ru&stable=Y&CANGZIP=Y&SUPD_DBS=MYSQL&XE=N&CLIENT_SITE=localhost&LICENSE_KEY=X&SUPD_STS=2&SUPD_URS=0&SUPD_URSA=1&TYPENC=D&CLIENT_PHPVER=5.6.30&NGINX=Y&dbv=5.7.22&instm=main%2C18.5.180%2CY%3Bsearch%2C18.5.200%2CN%3Bbitrix.sitecorporate%2C15.5.0%2CN%3Bblog%2C18.1.0%2CN%3Bbitrixcloud%2C18.5.0%2CN%3Bvote%2C17.5.1%2CN%3Bfileman%2C18.5.400%2CN%3Brest%2C18.5.7%2CN%3Bmessageservice%2C18.0.3%2CN%3Bb24connector%2C18.5.0%2CN%3Bform%2C18.0.0%2CN%3Bhighloadblock%2C18.5.100%2CN%3Bbitrix.siteinfoportal%2C15.5.0%2CN%3Bmobileapp%2C18.5.100%2CN%3Bidem%2C0.0.1%2CN%3Bsocialservices%2C18.5.100%2CN%3Blanding%2C18.6.75%2CN%3Bdigitalwand.admin_helper%2C2.0.0%2CN%3Bcompression%2C16.0.0%2CN%3Bsecurity%2C18.5.1%2CN%3Bforum%2C18.0.5%2CN%3Bui%2C18.5.150%2CN%3Bseo%2C18.6.100%2CN%3Bphotogallery%2C18.0.0%2CN%3Bclouds%2C18.0.0%2CN%3Bscale%2C17.5.0%2CN%3Biblock%2C18.6.400%2CN%3Bsubscribe%2C18.5.0%2CN%3Bbitrix.sitepersonal%2C15.5.0%2CN%3Bperfmon%2C18.5.0%2CN%3Btranslate%2C18.0.0%2CN&reqm=bitrix.sitecorporate%2Cbitrix.siteinfoportal%2Cdigitalwand.admin_helper%2Cbitrix.sitepersonal&fullmoduleinfo=Y&SUPD_SRS=RU&SUPD_CMP=N
2019-06-27 11:24:16 -  - exec CUpdateClientPartner::GetHTTPPage
2019-06-27 11:24:16 -  - TIME GetUpdatesList(request) 0.247 sec
2019-06-27 11:24:16 -  - exec CUpdateClientPartner::ParseServerData
2019-06-27 11:25:25 -  - exec CUpdateClientPartner::GetUpdatesList
2019-06-27 11:25:25 -  - exec CUpdateClientPartner::__CollectRequestData
2019-06-27 11:25:25 -  - utf=Y&lang=ru&stable=Y&CANGZIP=Y&SUPD_DBS=MYSQL&XE=N&CLIENT_SITE=localhost&LICENSE_KEY=X&SUPD_STS=2&SUPD_URS=0&SUPD_URSA=1&TYPENC=D&CLIENT_PHPVER=5.6.30&NGINX=Y&dbv=5.7.22&instm=main%2C18.5.180%2CY%3Bsearch%2C18.5.200%2CN%3Bbitrix.sitecorporate%2C15.5.0%2CN%3Bblog%2C18.1.0%2CN%3Bbitrixcloud%2C18.5.0%2CN%3Bvote%2C17.5.1%2CN%3Bfileman%2C18.5.400%2CN%3Brest%2C18.5.7%2CN%3Bmessageservice%2C18.0.3%2CN%3Bb24connector%2C18.5.0%2CN%3Bform%2C18.0.0%2CN%3Bhighloadblock%2C18.5.100%2CN%3Bbitrix.siteinfoportal%2C15.5.0%2CN%3Bmobileapp%2C18.5.100%2CN%3Bidem%2C0.0.1%2CN%3Bsocialservices%2C18.5.100%2CN%3Blanding%2C18.6.75%2CN%3Bdigitalwand.admin_helper%2C2.0.0%2CN%3Bcompression%2C16.0.0%2CN%3Bsecurity%2C18.5.1%2CN%3Bforum%2C18.0.5%2CN%3Bui%2C18.5.150%2CN%3Bseo%2C18.6.100%2CN%3Bphotogallery%2C18.0.0%2CN%3Bclouds%2C18.0.0%2CN%3Bscale%2C17.5.0%2CN%3Biblock%2C18.6.400%2CN%3Bsubscribe%2C18.5.0%2CN%3Bbitrix.sitepersonal%2C15.5.0%2CN%3Bperfmon%2C18.5.0%2CN%3Btranslate%2C18.0.0%2CN&reqm=bitrix.sitecorporate%2Cbitrix.siteinfoportal%2Cdigitalwand.admin_helper%2Cbitrix.sitepersonal&fullmoduleinfo=Y&SUPD_SRS=RU&SUPD_CMP=N
2019-06-27 11:25:25 -  - exec CUpdateClientPartner::GetHTTPPage
2019-06-27 11:25:25 -  - TIME GetUpdatesList(request) 0.252 sec
2019-06-27 11:25:25 -  - exec CUpdateClientPartner::ParseServerData
2019-06-27 11:26:51 -  - exec CUpdateClientPartner::GetUpdatesList
2019-06-27 11:26:51 -  - exec CUpdateClientPartner::__CollectRequestData
2019-06-27 11:26:51 -  - utf=Y&lang=ru&stable=Y&CANGZIP=Y&SUPD_DBS=MYSQL&XE=N&CLIENT_SITE=localhost&LICENSE_KEY=X&SUPD_STS=2&SUPD_URS=0&SUPD_URSA=1&TYPENC=D&CLIENT_PHPVER=5.6.30&NGINX=Y&dbv=5.7.22&instm=main%2C18.5.180%2CY%3Bsearch%2C18.5.200%2CN%3Bbitrix.sitecorporate%2C15.5.0%2CN%3Bblog%2C18.1.0%2CN%3Bbitrixcloud%2C18.5.0%2CN%3Bvote%2C17.5.1%2CN%3Bfileman%2C18.5.400%2CN%3Brest%2C18.5.7%2CN%3Bmessageservice%2C18.0.3%2CN%3Bb24connector%2C18.5.0%2CN%3Bform%2C18.0.0%2CN%3Bhighloadblock%2C18.5.100%2CN%3Bbitrix.siteinfoportal%2C15.5.0%2CN%3Bmobileapp%2C18.5.100%2CN%3Bidem%2C0.0.1%2CN%3Bsocialservices%2C18.5.100%2CN%3Blanding%2C18.6.75%2CN%3Bdigitalwand.admin_helper%2C2.0.0%2CN%3Bcompression%2C16.0.0%2CN%3Bsecurity%2C18.5.1%2CN%3Bforum%2C18.0.5%2CN%3Bui%2C18.5.150%2CN%3Bseo%2C18.6.100%2CN%3Bphotogallery%2C18.0.0%2CN%3Bclouds%2C18.0.0%2CN%3Bscale%2C17.5.0%2CN%3Biblock%2C18.6.400%2CN%3Bsubscribe%2C18.5.0%2CN%3Bbitrix.sitepersonal%2C15.5.0%2CN%3Bperfmon%2C18.5.0%2CN%3Btranslate%2C18.0.0%2CN&reqm=bitrix.sitecorporate%2Cbitrix.siteinfoportal%2Cdigitalwand.admin_helper%2Cbitrix.sitepersonal&fullmoduleinfo=Y&SUPD_SRS=RU&SUPD_CMP=N
2019-06-27 11:26:51 -  - exec CUpdateClientPartner::GetHTTPPage
2019-06-27 11:26:52 -  - TIME GetUpdatesList(request) 0.235 sec
2019-06-27 11:26:52 -  - exec CUpdateClientPartner::ParseServerData
2019-06-27 11:26:55 -  - exec CUpdateClientPartner::GetUpdatesList
2019-06-27 11:26:55 -  - exec CUpdateClientPartner::__CollectRequestData
2019-06-27 11:26:55 -  - utf=Y&lang=ru&stable=Y&CANGZIP=Y&SUPD_DBS=MYSQL&XE=N&CLIENT_SITE=localhost&LICENSE_KEY=X&SUPD_STS=2&SUPD_URS=0&SUPD_URSA=1&TYPENC=D&CLIENT_PHPVER=5.6.30&NGINX=Y&dbv=5.7.22&instm=main%2C18.5.180%2CY%3Bsearch%2C18.5.200%2CN%3Bbitrix.sitecorporate%2C15.5.0%2CN%3Bblog%2C18.1.0%2CN%3Bbitrixcloud%2C18.5.0%2CN%3Bvote%2C17.5.1%2CN%3Bfileman%2C18.5.400%2CN%3Brest%2C18.5.7%2CN%3Bmessageservice%2C18.0.3%2CN%3Bb24connector%2C18.5.0%2CN%3Bform%2C18.0.0%2CN%3Bhighloadblock%2C18.5.100%2CN%3Bbitrix.siteinfoportal%2C15.5.0%2CN%3Bmobileapp%2C18.5.100%2CN%3Bidem%2C0.0.1%2CN%3Bsocialservices%2C18.5.100%2CN%3Blanding%2C18.6.75%2CN%3Bdigitalwand.admin_helper%2C2.0.0%2CN%3Bcompression%2C16.0.0%2CN%3Bsecurity%2C18.5.1%2CN%3Bforum%2C18.0.5%2CN%3Bui%2C18.5.150%2CN%3Bseo%2C18.6.100%2CN%3Bphotogallery%2C18.0.0%2CN%3Bclouds%2C18.0.0%2CN%3Bscale%2C17.5.0%2CN%3Biblock%2C18.6.400%2CN%3Bsubscribe%2C18.5.0%2CN%3Bbitrix.sitepersonal%2C15.5.0%2CN%3Bperfmon%2C18.5.0%2CN%3Btranslate%2C18.0.0%2CN&reqm=bitrix.sitecorporate%2Cbitrix.siteinfoportal%2Cdigitalwand.admin_helper%2Cbitrix.sitepersonal&fullmoduleinfo=Y&SUPD_SRS=RU&SUPD_CMP=N
2019-06-27 11:26:55 -  - exec CUpdateClientPartner::GetHTTPPage
2019-06-27 11:26:56 -  - TIME GetUpdatesList(request) 1.483 sec
2019-06-27 11:26:56 -  - exec CUpdateClientPartner::ParseServerData
2019-06-27 11:27:36 -  - exec CUpdateClientPartner::GetUpdatesList
2019-06-27 11:27:36 -  - exec CUpdateClientPartner::__CollectRequestData
2019-06-27 11:27:36 -  - utf=Y&lang=ru&stable=Y&CANGZIP=Y&SUPD_DBS=MYSQL&XE=N&CLIENT_SITE=localhost&LICENSE_KEY=X&SUPD_STS=2&SUPD_URS=0&SUPD_URSA=1&TYPENC=D&CLIENT_PHPVER=5.6.30&NGINX=Y&dbv=5.7.22&instm=main%2C18.5.180%2CY%3Bsearch%2C18.5.200%2CN%3Bbitrix.sitecorporate%2C15.5.0%2CN%3Bblog%2C18.1.0%2CN%3Bbitrixcloud%2C18.5.0%2CN%3Bvote%2C17.5.1%2CN%3Bfileman%2C18.5.400%2CN%3Brest%2C18.5.7%2CN%3Bmessageservice%2C18.0.3%2CN%3Bb24connector%2C18.5.0%2CN%3Bform%2C18.0.0%2CN%3Bhighloadblock%2C18.5.100%2CN%3Bbitrix.siteinfoportal%2C15.5.0%2CN%3Bmobileapp%2C18.5.100%2CN%3Bidem%2C0.0.1%2CN%3Bsocialservices%2C18.5.100%2CN%3Blanding%2C18.6.75%2CN%3Bdigitalwand.admin_helper%2C2.0.0%2CN%3Bcompression%2C16.0.0%2CN%3Bsecurity%2C18.5.1%2CN%3Bforum%2C18.0.5%2CN%3Bui%2C18.5.150%2CN%3Bseo%2C18.6.100%2CN%3Bphotogallery%2C18.0.0%2CN%3Bclouds%2C18.0.0%2CN%3Bscale%2C17.5.0%2CN%3Biblock%2C18.6.400%2CN%3Bsubscribe%2C18.5.0%2CN%3Bbitrix.sitepersonal%2C15.5.0%2CN%3Bperfmon%2C18.5.0%2CN%3Btranslate%2C18.0.0%2CN&reqm=bitrix.sitecorporate%2Cbitrix.siteinfoportal%2Cdigitalwand.admin_helper%2Cbitrix.sitepersonal&fullmoduleinfo=Y&SUPD_SRS=RU&SUPD_CMP=N
2019-06-27 11:27:36 -  - exec CUpdateClientPartner::GetHTTPPage
2019-06-27 11:27:36 -  - TIME GetUpdatesList(request) 0.23 sec
2019-06-27 11:27:36 -  - exec CUpdateClientPartner::ParseServerData
2019-06-27 11:29:08 -  - exec CUpdateClientPartner::GetUpdatesList
2019-06-27 11:29:08 -  - exec CUpdateClientPartner::__CollectRequestData
2019-06-27 11:29:08 -  - utf=Y&lang=ru&stable=Y&CANGZIP=Y&SUPD_DBS=MYSQL&XE=N&CLIENT_SITE=localhost&LICENSE_KEY=X&SUPD_STS=2&SUPD_URS=0&SUPD_URSA=1&TYPENC=D&CLIENT_PHPVER=5.6.30&NGINX=Y&dbv=5.7.22&instm=main%2C18.5.180%2CY%3Bsearch%2C18.5.200%2CN%3Bbitrix.sitecorporate%2C15.5.0%2CN%3Bblog%2C18.1.0%2CN%3Bbitrixcloud%2C18.5.0%2CN%3Bvote%2C17.5.1%2CN%3Bfileman%2C18.5.400%2CN%3Brest%2C18.5.7%2CN%3Bmessageservice%2C18.0.3%2CN%3Bb24connector%2C18.5.0%2CN%3Bform%2C18.0.0%2CN%3Bhighloadblock%2C18.5.100%2CN%3Bbitrix.siteinfoportal%2C15.5.0%2CN%3Bmobileapp%2C18.5.100%2CN%3Bidem%2C0.0.1%2CN%3Bsocialservices%2C18.5.100%2CN%3Blanding%2C18.6.75%2CN%3Bdigitalwand.admin_helper%2C2.0.0%2CN%3Bcompression%2C16.0.0%2CN%3Bsecurity%2C18.5.1%2CN%3Bforum%2C18.0.5%2CN%3Bui%2C18.5.150%2CN%3Bseo%2C18.6.100%2CN%3Bphotogallery%2C18.0.0%2CN%3Bclouds%2C18.0.0%2CN%3Bscale%2C17.5.0%2CN%3Biblock%2C18.6.400%2CN%3Bsubscribe%2C18.5.0%2CN%3Bbitrix.sitepersonal%2C15.5.0%2CN%3Bperfmon%2C18.5.0%2CN%3Btranslate%2C18.0.0%2CN&reqm=bitrix.sitecorporate%2Cbitrix.siteinfoportal%2Cdigitalwand.admin_helper%2Cbitrix.sitepersonal&fullmoduleinfo=Y&SUPD_SRS=RU&SUPD_CMP=N
2019-06-27 11:29:08 -  - exec CUpdateClientPartner::GetHTTPPage
2019-06-27 11:29:09 -  - TIME GetUpdatesList(request) 0.236 sec
2019-06-27 11:29:09 -  - exec CUpdateClientPartner::ParseServerData
2019-06-27 11:43:19 -  - exec CUpdateClientPartner::GetUpdatesList
2019-06-27 11:43:19 -  - exec CUpdateClientPartner::__CollectRequestData
2019-06-27 11:43:19 -  - utf=Y&lang=ru&stable=Y&CANGZIP=Y&SUPD_DBS=MYSQL&XE=N&CLIENT_SITE=localhost&LICENSE_KEY=X&SUPD_STS=2&SUPD_URS=0&SUPD_URSA=1&TYPENC=D&CLIENT_PHPVER=5.6.30&NGINX=Y&dbv=5.7.22&instm=main%2C18.5.180%2CY%3Bsearch%2C18.5.200%2CN%3Bbitrix.sitecorporate%2C15.5.0%2CN%3Bblog%2C18.1.0%2CN%3Bbitrixcloud%2C18.5.0%2CN%3Bvote%2C17.5.1%2CN%3Bfileman%2C18.5.400%2CN%3Brest%2C18.5.7%2CN%3Bmessageservice%2C18.0.3%2CN%3Bb24connector%2C18.5.0%2CN%3Bform%2C18.0.0%2CN%3Bhighloadblock%2C18.5.100%2CN%3Bbitrix.siteinfoportal%2C15.5.0%2CN%3Bmobileapp%2C18.5.100%2CN%3Bidem%2C0.0.1%2CN%3Bsocialservices%2C18.5.100%2CN%3Blanding%2C18.6.75%2CN%3Bdigitalwand.admin_helper%2C2.0.0%2CN%3Bcompression%2C16.0.0%2CN%3Bsecurity%2C18.5.1%2CN%3Bforum%2C18.0.5%2CN%3Bui%2C18.5.150%2CN%3Bseo%2C18.6.100%2CN%3Bphotogallery%2C18.0.0%2CN%3Bclouds%2C18.0.0%2CN%3Bscale%2C17.5.0%2CN%3Biblock%2C18.6.400%2CN%3Bsubscribe%2C18.5.0%2CN%3Bbitrix.sitepersonal%2C15.5.0%2CN%3Bperfmon%2C18.5.0%2CN%3Btranslate%2C18.0.0%2CN&reqm=bitrix.sitecorporate%2Cbitrix.siteinfoportal%2Cdigitalwand.admin_helper%2Cbitrix.sitepersonal&fullmoduleinfo=Y&SUPD_SRS=RU&SUPD_CMP=N
2019-06-27 11:43:19 -  - exec CUpdateClientPartner::GetHTTPPage
2019-06-27 11:43:20 -  - TIME GetUpdatesList(request) 0.372 sec
2019-06-27 11:43:20 -  - exec CUpdateClientPartner::ParseServerData
2019-06-27 11:46:57 -  - exec CUpdateClientPartner::GetUpdatesList
2019-06-27 11:46:57 -  - exec CUpdateClientPartner::__CollectRequestData
2019-06-27 11:46:57 -  - utf=Y&lang=ru&stable=Y&CANGZIP=Y&SUPD_DBS=MYSQL&XE=N&CLIENT_SITE=localhost&LICENSE_KEY=X&SUPD_STS=2&SUPD_URS=0&SUPD_URSA=1&TYPENC=D&CLIENT_PHPVER=5.6.30&NGINX=Y&dbv=5.7.22&instm=main%2C18.5.180%2CY%3Bsearch%2C18.5.200%2CN%3Bbitrix.sitecorporate%2C15.5.0%2CN%3Bblog%2C18.1.0%2CN%3Bbitrixcloud%2C18.5.0%2CN%3Bvote%2C17.5.1%2CN%3Bfileman%2C18.5.400%2CN%3Brest%2C18.5.7%2CN%3Bmessageservice%2C18.0.3%2CN%3Bb24connector%2C18.5.0%2CN%3Bform%2C18.0.0%2CN%3Bhighloadblock%2C18.5.100%2CN%3Bbitrix.siteinfoportal%2C15.5.0%2CN%3Bmobileapp%2C18.5.100%2CN%3Bidem%2C0.0.1%2CN%3Bsocialservices%2C18.5.100%2CN%3Blanding%2C18.6.75%2CN%3Bdigitalwand.admin_helper%2C2.0.0%2CN%3Bcompression%2C16.0.0%2CN%3Bsecurity%2C18.5.1%2CN%3Bforum%2C18.0.5%2CN%3Bui%2C18.5.150%2CN%3Bseo%2C18.6.100%2CN%3Bphotogallery%2C18.0.0%2CN%3Bclouds%2C18.0.0%2CN%3Bscale%2C17.5.0%2CN%3Biblock%2C18.6.400%2CN%3Bsubscribe%2C18.5.0%2CN%3Bbitrix.sitepersonal%2C15.5.0%2CN%3Bperfmon%2C18.5.0%2CN%3Btranslate%2C18.0.0%2CN&reqm=bitrix.sitecorporate%2Cbitrix.siteinfoportal%2Cdigitalwand.admin_helper%2Cbitrix.sitepersonal&fullmoduleinfo=Y&SUPD_SRS=RU&SUPD_CMP=N
2019-06-27 11:46:57 -  - exec CUpdateClientPartner::GetHTTPPage
2019-06-27 11:46:57 -  - TIME GetUpdatesList(request) 0.289 sec
2019-06-27 11:46:57 -  - exec CUpdateClientPartner::ParseServerData
2019-06-27 11:48:44 -  - exec CUpdateClientPartner::GetUpdatesList
2019-06-27 11:48:44 -  - exec CUpdateClientPartner::__CollectRequestData
2019-06-27 11:48:44 -  - utf=Y&lang=ru&stable=Y&CANGZIP=Y&SUPD_DBS=MYSQL&XE=N&CLIENT_SITE=localhost&LICENSE_KEY=X&SUPD_STS=2&SUPD_URS=0&SUPD_URSA=1&TYPENC=D&CLIENT_PHPVER=5.6.30&NGINX=Y&dbv=5.7.22&instm=main%2C18.5.180%2CY%3Bsearch%2C18.5.200%2CN%3Bbitrix.sitecorporate%2C15.5.0%2CN%3Bblog%2C18.1.0%2CN%3Bbitrixcloud%2C18.5.0%2CN%3Bvote%2C17.5.1%2CN%3Bfileman%2C18.5.400%2CN%3Brest%2C18.5.7%2CN%3Bmessageservice%2C18.0.3%2CN%3Bb24connector%2C18.5.0%2CN%3Bform%2C18.0.0%2CN%3Bhighloadblock%2C18.5.100%2CN%3Bbitrix.siteinfoportal%2C15.5.0%2CN%3Bmobileapp%2C18.5.100%2CN%3Bidem%2C0.0.1%2CN%3Bsocialservices%2C18.5.100%2CN%3Blanding%2C18.6.75%2CN%3Bdigitalwand.admin_helper%2C2.0.0%2CN%3Bcompression%2C16.0.0%2CN%3Bsecurity%2C18.5.1%2CN%3Bforum%2C18.0.5%2CN%3Bui%2C18.5.150%2CN%3Bseo%2C18.6.100%2CN%3Bphotogallery%2C18.0.0%2CN%3Bclouds%2C18.0.0%2CN%3Bscale%2C17.5.0%2CN%3Biblock%2C18.6.400%2CN%3Bsubscribe%2C18.5.0%2CN%3Bbitrix.sitepersonal%2C15.5.0%2CN%3Bperfmon%2C18.5.0%2CN%3Btranslate%2C18.0.0%2CN&reqm=bitrix.sitecorporate%2Cbitrix.siteinfoportal%2Cdigitalwand.admin_helper%2Cbitrix.sitepersonal&fullmoduleinfo=Y&SUPD_SRS=RU&SUPD_CMP=N
2019-06-27 11:48:44 -  - exec CUpdateClientPartner::GetHTTPPage
2019-06-27 11:48:44 -  - TIME GetUpdatesList(request) 0.297 sec
2019-06-27 11:48:44 -  - exec CUpdateClientPartner::ParseServerData
2019-06-27 11:50:11 -  - exec CUpdateClientPartner::GetUpdatesList
2019-06-27 11:50:11 -  - exec CUpdateClientPartner::__CollectRequestData
2019-06-27 11:50:11 -  - utf=Y&lang=ru&stable=Y&CANGZIP=Y&SUPD_DBS=MYSQL&XE=N&CLIENT_SITE=localhost&LICENSE_KEY=X&SUPD_STS=2&SUPD_URS=0&SUPD_URSA=1&TYPENC=D&CLIENT_PHPVER=5.6.30&NGINX=Y&dbv=5.7.22&instm=main%2C18.5.180%2CY%3Bsearch%2C18.5.200%2CN%3Bbitrix.sitecorporate%2C15.5.0%2CN%3Bblog%2C18.1.0%2CN%3Bbitrixcloud%2C18.5.0%2CN%3Bvote%2C17.5.1%2CN%3Bfileman%2C18.5.400%2CN%3Brest%2C18.5.7%2CN%3Bmessageservice%2C18.0.3%2CN%3Bb24connector%2C18.5.0%2CN%3Bform%2C18.0.0%2CN%3Bhighloadblock%2C18.5.100%2CN%3Bbitrix.siteinfoportal%2C15.5.0%2CN%3Bmobileapp%2C18.5.100%2CN%3Bidem%2C0.0.1%2CN%3Bsocialservices%2C18.5.100%2CN%3Blanding%2C18.6.75%2CN%3Bdigitalwand.admin_helper%2C2.0.0%2CN%3Bcompression%2C16.0.0%2CN%3Bsecurity%2C18.5.1%2CN%3Bforum%2C18.0.5%2CN%3Bui%2C18.5.150%2CN%3Bseo%2C18.6.100%2CN%3Bphotogallery%2C18.0.0%2CN%3Bclouds%2C18.0.0%2CN%3Bscale%2C17.5.0%2CN%3Biblock%2C18.6.400%2CN%3Bsubscribe%2C18.5.0%2CN%3Bbitrix.sitepersonal%2C15.5.0%2CN%3Bperfmon%2C18.5.0%2CN%3Btranslate%2C18.0.0%2CN&reqm=bitrix.sitecorporate%2Cbitrix.siteinfoportal%2Cdigitalwand.admin_helper%2Cbitrix.sitepersonal&fullmoduleinfo=Y&SUPD_SRS=RU&SUPD_CMP=N
2019-06-27 11:50:11 -  - exec CUpdateClientPartner::GetHTTPPage
2019-06-27 11:50:12 -  - TIME GetUpdatesList(request) 0.268 sec
2019-06-27 11:50:12 -  - exec CUpdateClientPartner::ParseServerData
2019-06-27 11:53:32 -  - exec CUpdateClientPartner::GetUpdatesList
2019-06-27 11:53:32 -  - exec CUpdateClientPartner::__CollectRequestData
2019-06-27 11:53:32 -  - utf=Y&lang=ru&stable=Y&CANGZIP=Y&SUPD_DBS=MYSQL&XE=N&CLIENT_SITE=localhost&LICENSE_KEY=X&SUPD_STS=2&SUPD_URS=0&SUPD_URSA=1&TYPENC=D&CLIENT_PHPVER=5.6.30&NGINX=Y&dbv=5.7.22&instm=main%2C18.5.180%2CY%3Bsearch%2C18.5.200%2CN%3Bbitrix.sitecorporate%2C15.5.0%2CN%3Bblog%2C18.1.0%2CN%3Bbitrixcloud%2C18.5.0%2CN%3Bvote%2C17.5.1%2CN%3Bfileman%2C18.5.400%2CN%3Brest%2C18.5.7%2CN%3Bmessageservice%2C18.0.3%2CN%3Bb24connector%2C18.5.0%2CN%3Bform%2C18.0.0%2CN%3Bhighloadblock%2C18.5.100%2CN%3Bbitrix.siteinfoportal%2C15.5.0%2CN%3Bmobileapp%2C18.5.100%2CN%3Bidem%2C0.0.1%2CN%3Bsocialservices%2C18.5.100%2CN%3Blanding%2C18.6.75%2CN%3Bdigitalwand.admin_helper%2C2.0.0%2CN%3Bcompression%2C16.0.0%2CN%3Bsecurity%2C18.5.1%2CN%3Bforum%2C18.0.5%2CN%3Bui%2C18.5.150%2CN%3Bseo%2C18.6.100%2CN%3Bphotogallery%2C18.0.0%2CN%3Bclouds%2C18.0.0%2CN%3Bscale%2C17.5.0%2CN%3Biblock%2C18.6.400%2CN%3Bsubscribe%2C18.5.0%2CN%3Bbitrix.sitepersonal%2C15.5.0%2CN%3Bperfmon%2C18.5.0%2CN%3Btranslate%2C18.0.0%2CN&reqm=bitrix.sitecorporate%2Cbitrix.siteinfoportal%2Cdigitalwand.admin_helper%2Cbitrix.sitepersonal&fullmoduleinfo=Y&SUPD_SRS=RU&SUPD_CMP=N
2019-06-27 11:53:32 -  - exec CUpdateClientPartner::GetHTTPPage
2019-06-27 11:53:33 -  - TIME GetUpdatesList(request) 0.304 sec
2019-06-27 11:53:33 -  - exec CUpdateClientPartner::ParseServerData
2019-06-27 13:02:51 -  - exec CUpdateClientPartner::GetUpdatesList
2019-06-27 13:02:51 -  - exec CUpdateClientPartner::__CollectRequestData
2019-06-27 13:02:51 -  - utf=Y&lang=ru&stable=Y&CANGZIP=Y&SUPD_DBS=MYSQL&XE=N&CLIENT_SITE=localhost&LICENSE_KEY=X&SUPD_STS=2&SUPD_URS=0&SUPD_URSA=1&TYPENC=D&CLIENT_PHPVER=5.6.30&NGINX=Y&dbv=5.7.22&instm=main%2C18.5.180%2CY%3Bsearch%2C18.5.200%2CN%3Bbitrix.sitecorporate%2C15.5.0%2CN%3Bblog%2C18.1.0%2CN%3Bbitrixcloud%2C18.5.0%2CN%3Bvote%2C17.5.1%2CN%3Bfileman%2C18.5.400%2CN%3Brest%2C18.5.7%2CN%3Bmessageservice%2C18.0.3%2CN%3Bb24connector%2C18.5.0%2CN%3Bform%2C18.0.0%2CN%3Bhighloadblock%2C18.5.100%2CN%3Bbitrix.siteinfoportal%2C15.5.0%2CN%3Bmobileapp%2C18.5.100%2CN%3Bidem%2C0.0.1%2CN%3Bsocialservices%2C18.5.100%2CN%3Blanding%2C18.6.75%2CN%3Bdigitalwand.admin_helper%2C2.0.0%2CN%3Bcompression%2C16.0.0%2CN%3Bsecurity%2C18.5.1%2CN%3Bforum%2C18.0.5%2CN%3Bui%2C18.5.150%2CN%3Bseo%2C18.6.100%2CN%3Bphotogallery%2C18.0.0%2CN%3Bclouds%2C18.0.0%2CN%3Bscale%2C17.5.0%2CN%3Biblock%2C18.6.400%2CN%3Bsubscribe%2C18.5.0%2CN%3Bbitrix.sitepersonal%2C15.5.0%2CN%3Bperfmon%2C18.5.0%2CN%3Btranslate%2C18.0.0%2CN&reqm=bitrix.sitecorporate%2Cbitrix.siteinfoportal%2Cdigitalwand.admin_helper%2Cbitrix.sitepersonal&fullmoduleinfo=Y&SUPD_SRS=RU&SUPD_CMP=N
2019-06-27 13:02:51 -  - exec CUpdateClientPartner::GetHTTPPage
2019-06-27 13:02:51 -  - TIME GetUpdatesList(request) 0.326 sec
2019-06-27 13:02:51 -  - exec CUpdateClientPartner::ParseServerData
2019-06-27 13:02:52 -  - exec CUpdateClientPartner::GetUpdatesList
2019-06-27 13:02:52 -  - exec CUpdateClientPartner::__CollectRequestData
2019-06-27 13:02:52 -  - utf=Y&lang=ru&stable=Y&CANGZIP=Y&SUPD_DBS=MYSQL&XE=N&CLIENT_SITE=localhost&LICENSE_KEY=X&SUPD_STS=2&SUPD_URS=0&SUPD_URSA=1&TYPENC=D&CLIENT_PHPVER=5.6.30&NGINX=Y&dbv=5.7.22&instm=main%2C18.5.180%2CY%3Bsearch%2C18.5.200%2CN%3Bbitrix.sitecorporate%2C15.5.0%2CN%3Bblog%2C18.1.0%2CN%3Bbitrixcloud%2C18.5.0%2CN%3Bvote%2C17.5.1%2CN%3Bfileman%2C18.5.400%2CN%3Brest%2C18.5.7%2CN%3Bmessageservice%2C18.0.3%2CN%3Bb24connector%2C18.5.0%2CN%3Bform%2C18.0.0%2CN%3Bhighloadblock%2C18.5.100%2CN%3Bbitrix.siteinfoportal%2C15.5.0%2CN%3Bmobileapp%2C18.5.100%2CN%3Bidem%2C0.0.1%2CN%3Bsocialservices%2C18.5.100%2CN%3Blanding%2C18.6.75%2CN%3Bdigitalwand.admin_helper%2C2.0.0%2CN%3Bcompression%2C16.0.0%2CN%3Bsecurity%2C18.5.1%2CN%3Bforum%2C18.0.5%2CN%3Bui%2C18.5.150%2CN%3Bseo%2C18.6.100%2CN%3Bphotogallery%2C18.0.0%2CN%3Bclouds%2C18.0.0%2CN%3Bscale%2C17.5.0%2CN%3Biblock%2C18.6.400%2CN%3Bsubscribe%2C18.5.0%2CN%3Bbitrix.sitepersonal%2C15.5.0%2CN%3Bperfmon%2C18.5.0%2CN%3Btranslate%2C18.0.0%2CN&reqm=bitrix.sitecorporate%2Cbitrix.siteinfoportal%2Cdigitalwand.admin_helper%2Cbitrix.sitepersonal&fullmoduleinfo=Y&SUPD_SRS=RU&SUPD_CMP=N
2019-06-27 13:02:52 -  - exec CUpdateClientPartner::GetHTTPPage
2019-06-27 13:02:52 -  - TIME GetUpdatesList(request) 0.232 sec
2019-06-27 13:02:52 -  - exec CUpdateClientPartner::ParseServerData
2020-01-27 17:33:36 -  - exec CUpdateClientPartner::GetUpdatesList
2020-01-27 17:33:36 -  - exec CUpdateClientPartner::__CollectRequestData
2020-01-27 17:33:36 -  - utf=Y&lang=ru&stable=Y&CANGZIP=Y&SUPD_DBS=MYSQL&XE=N&CLIENT_SITE=saffariestate.ru&LICENSE_KEY=X&SUPD_STS=1&SUPD_URS=0&SUPD_URSA=19&TYPENC=E&CLIENT_PHPVER=7.2.21-1%2Bubuntu16.04.1%2Bdeb.sury.org%2B1&NGINX=Y&dbv=10.3.17&instm=main%2C18.5.180%2CN%3Bsubscribe%2C18.5.0%2CN%3Brest%2C18.5.100%2CN%3Bhighloadblock%2C18.5.100%2CN%3Bseo%2C19.0.100%2CN%3Bui%2C18.5.175%2CN%3Bscale%2C17.5.0%2CN%3Bfileman%2C18.5.450%2CN%3Bcompression%2C16.0.0%2CN%3Bclouds%2C18.5.200%2CN%3Bbitrixcloud%2C18.5.0%2CN%3Bphotogallery%2C18.0.0%2CN%3Bmobileapp%2C18.5.200%2CN%3Bsocialservices%2C18.5.100%2CN%3Blanding%2C18.7.400%2CN%3Bb24connector%2C18.5.0%2CN%3Bbitrix.sitecorporate%2C15.5.0%2CN%3Bblog%2C18.1.0%2CN%3Bbitrix.sitepersonal%2C15.5.0%2CN%3Bperfmon%2C18.5.0%2CN%3Btranslate%2C18.0.100%2CN%3Bdigitalwand.admin_helper%2C2.0.0%2CN%3Bsecurity%2C18.5.1%2CN%3Bvote%2C17.5.1%2CN%3Bidem%2C0.0.1%2CN%3Bbitrix.siteinfoportal%2C15.5.0%2CN%3Bform%2C18.0.0%2CN%3Bsearch%2C18.5.200%2CN%3Biblock%2C18.6.650%2CN%3Bforum%2C18.0.5%2CN%3Bmessageservice%2C18.0.3%2CN&reqm=bitrix.sitecorporate%2Cbitrix.sitepersonal%2Cdigitalwand.admin_helper%2Cbitrix.siteinfoportal&fullmoduleinfo=Y&SUPD_SRS=RU&SUPD_CMP=N
2020-01-27 17:33:36 -  - exec CUpdateClientPartner::GetHTTPPage
2020-01-27 17:33:36 -  - TIME GetUpdatesList(request) 0.361 sec
2020-01-27 17:33:36 -  - exec CUpdateClientPartner::ParseServerData
2020-01-27 17:42:21 -  - exec CUpdateClientPartner::GetUpdatesList
2020-01-27 17:42:21 -  - exec CUpdateClientPartner::__CollectRequestData
2020-01-27 17:42:21 -  - utf=Y&lang=ru&stable=Y&CANGZIP=Y&SUPD_DBS=MYSQL&XE=N&CLIENT_SITE=saffariestate.ru&LICENSE_KEY=X&SUPD_STS=1&SUPD_URS=0&SUPD_URSA=20&TYPENC=E&CLIENT_PHPVER=7.2.21-1%2Bubuntu16.04.1%2Bdeb.sury.org%2B1&NGINX=Y&dbv=10.3.17&instm=main%2C18.5.180%2CN%3Bsubscribe%2C18.5.0%2CN%3Brest%2C18.5.100%2CN%3Bhighloadblock%2C18.5.100%2CN%3Bseo%2C19.0.100%2CN%3Bui%2C18.5.175%2CN%3Bscale%2C17.5.0%2CN%3Bfileman%2C18.5.450%2CN%3Bcompression%2C16.0.0%2CN%3Bclouds%2C18.5.200%2CN%3Bbitrixcloud%2C18.5.0%2CN%3Bphotogallery%2C18.0.0%2CN%3Bmobileapp%2C18.5.200%2CN%3Bsocialservices%2C18.5.100%2CN%3Blanding%2C18.7.400%2CN%3Bb24connector%2C18.5.0%2CN%3Bbitrix.sitecorporate%2C15.5.0%2CN%3Bblog%2C18.1.0%2CN%3Bbitrix.sitepersonal%2C15.5.0%2CN%3Bperfmon%2C18.5.0%2CN%3Btranslate%2C18.0.100%2CN%3Bdigitalwand.admin_helper%2C2.0.0%2CN%3Bsecurity%2C18.5.1%2CN%3Bvote%2C17.5.1%2CN%3Bidem%2C0.0.1%2CN%3Bbitrix.siteinfoportal%2C15.5.0%2CN%3Bform%2C18.0.0%2CN%3Bsearch%2C18.5.200%2CN%3Biblock%2C18.6.650%2CN%3Bforum%2C18.0.5%2CN%3Bmessageservice%2C18.0.3%2CN&reqm=bitrix.sitecorporate%2Cbitrix.sitepersonal%2Cdigitalwand.admin_helper%2Cbitrix.siteinfoportal&fullmoduleinfo=Y&SUPD_SRS=RU&SUPD_CMP=N
2020-01-27 17:42:21 -  - exec CUpdateClientPartner::GetHTTPPage
2020-01-27 17:42:21 -  - TIME GetUpdatesList(request) 0.32 sec
2020-01-27 17:42:21 -  - exec CUpdateClientPartner::ParseServerData
2020-01-27 17:42:24 -  - exec CUpdateClientPartner::GetUpdatesList
2020-01-27 17:42:24 -  - exec CUpdateClientPartner::__CollectRequestData
2020-01-27 17:42:24 -  - utf=Y&lang=ru&stable=Y&CANGZIP=Y&SUPD_DBS=MYSQL&XE=N&CLIENT_SITE=saffariestate.ru&LICENSE_KEY=X&SUPD_STS=1&SUPD_URS=0&SUPD_URSA=20&TYPENC=E&CLIENT_PHPVER=7.2.21-1%2Bubuntu16.04.1%2Bdeb.sury.org%2B1&NGINX=Y&dbv=10.3.17&instm=main%2C18.5.180%2CN%3Bsubscribe%2C18.5.0%2CN%3Brest%2C18.5.100%2CN%3Bhighloadblock%2C18.5.100%2CN%3Bseo%2C19.0.100%2CN%3Bui%2C18.5.175%2CN%3Bscale%2C17.5.0%2CN%3Bfileman%2C18.5.450%2CN%3Bcompression%2C16.0.0%2CN%3Bclouds%2C18.5.200%2CN%3Bbitrixcloud%2C18.5.0%2CN%3Bphotogallery%2C18.0.0%2CN%3Bmobileapp%2C18.5.200%2CN%3Bsocialservices%2C18.5.100%2CN%3Blanding%2C18.7.400%2CN%3Bb24connector%2C18.5.0%2CN%3Bbitrix.sitecorporate%2C15.5.0%2CN%3Bblog%2C18.1.0%2CN%3Bbitrix.sitepersonal%2C15.5.0%2CN%3Bperfmon%2C18.5.0%2CN%3Btranslate%2C18.0.100%2CN%3Bdigitalwand.admin_helper%2C2.0.0%2CN%3Bsecurity%2C18.5.1%2CN%3Bvote%2C17.5.1%2CN%3Bidem%2C0.0.1%2CN%3Bbitrix.siteinfoportal%2C15.5.0%2CN%3Bform%2C18.0.0%2CN%3Bsearch%2C18.5.200%2CN%3Biblock%2C18.6.650%2CN%3Bforum%2C18.0.5%2CN%3Bmessageservice%2C18.0.3%2CN&reqm=bitrix.sitecorporate%2Cbitrix.sitepersonal%2Cdigitalwand.admin_helper%2Cbitrix.siteinfoportal&fullmoduleinfo=Y&SUPD_SRS=RU&SUPD_CMP=N
2020-01-27 17:42:24 -  - exec CUpdateClientPartner::GetHTTPPage
2020-01-27 17:42:24 -  - TIME GetUpdatesList(request) 0.303 sec
2020-01-27 17:42:24 -  - exec CUpdateClientPartner::ParseServerData
2020-01-27 17:42:39 -  - exec CUpdateClientPartner::GetUpdatesList
2020-01-27 17:42:39 -  - exec CUpdateClientPartner::__CollectRequestData
2020-01-27 17:42:39 -  - utf=Y&lang=ru&stable=Y&CANGZIP=Y&SUPD_DBS=MYSQL&XE=N&CLIENT_SITE=saffariestate.ru&LICENSE_KEY=X&SUPD_STS=1&SUPD_URS=0&SUPD_URSA=20&TYPENC=E&CLIENT_PHPVER=7.2.21-1%2Bubuntu16.04.1%2Bdeb.sury.org%2B1&NGINX=Y&dbv=10.3.17&instm=main%2C18.5.180%2CN%3Bsubscribe%2C18.5.0%2CN%3Brest%2C18.5.100%2CN%3Bhighloadblock%2C18.5.100%2CN%3Bseo%2C19.0.100%2CN%3Bui%2C18.5.175%2CN%3Bscale%2C17.5.0%2CN%3Bfileman%2C18.5.450%2CN%3Bcompression%2C16.0.0%2CN%3Bclouds%2C18.5.200%2CN%3Bbitrixcloud%2C18.5.0%2CN%3Bphotogallery%2C18.0.0%2CN%3Bmobileapp%2C18.5.200%2CN%3Bsocialservices%2C18.5.100%2CN%3Blanding%2C18.7.400%2CN%3Bb24connector%2C18.5.0%2CN%3Bbitrix.sitecorporate%2C15.5.0%2CN%3Bblog%2C18.1.0%2CN%3Bbitrix.sitepersonal%2C15.5.0%2CN%3Bperfmon%2C18.5.0%2CN%3Btranslate%2C18.0.100%2CN%3Bdigitalwand.admin_helper%2C2.0.0%2CN%3Bsecurity%2C18.5.1%2CN%3Bvote%2C17.5.1%2CN%3Bidem%2C0.0.1%2CN%3Bbitrix.siteinfoportal%2C15.5.0%2CN%3Bform%2C18.0.0%2CN%3Bsearch%2C18.5.200%2CN%3Biblock%2C18.6.650%2CN%3Bforum%2C18.0.5%2CN%3Bmessageservice%2C18.0.3%2CN&reqm=bitrix.sitecorporate%2Cbitrix.sitepersonal%2Cdigitalwand.admin_helper%2Cbitrix.siteinfoportal&fullmoduleinfo=Y&SUPD_SRS=RU&SUPD_CMP=N
2020-01-27 17:42:39 -  - exec CUpdateClientPartner::GetHTTPPage
2020-01-27 17:42:39 -  - TIME GetUpdatesList(request) 0.289 sec
2020-01-27 17:42:39 -  - exec CUpdateClientPartner::ParseServerData
2020-01-27 17:42:40 -  - exec CUpdateClientPartner::GetUpdatesList
2020-01-27 17:42:40 -  - exec CUpdateClientPartner::__CollectRequestData
2020-01-27 17:42:40 -  - utf=Y&lang=ru&stable=Y&CANGZIP=Y&SUPD_DBS=MYSQL&XE=N&CLIENT_SITE=saffariestate.ru&LICENSE_KEY=X&SUPD_STS=1&SUPD_URS=0&SUPD_URSA=20&TYPENC=E&CLIENT_PHPVER=7.2.21-1%2Bubuntu16.04.1%2Bdeb.sury.org%2B1&NGINX=Y&dbv=10.3.17&instm=main%2C18.5.180%2CN%3Bsubscribe%2C18.5.0%2CN%3Brest%2C18.5.100%2CN%3Bhighloadblock%2C18.5.100%2CN%3Bseo%2C19.0.100%2CN%3Bui%2C18.5.175%2CN%3Bscale%2C17.5.0%2CN%3Bfileman%2C18.5.450%2CN%3Bcompression%2C16.0.0%2CN%3Bclouds%2C18.5.200%2CN%3Bbitrixcloud%2C18.5.0%2CN%3Bphotogallery%2C18.0.0%2CN%3Bmobileapp%2C18.5.200%2CN%3Bsocialservices%2C18.5.100%2CN%3Blanding%2C18.7.400%2CN%3Bb24connector%2C18.5.0%2CN%3Bbitrix.sitecorporate%2C15.5.0%2CN%3Bblog%2C18.1.0%2CN%3Bbitrix.sitepersonal%2C15.5.0%2CN%3Bperfmon%2C18.5.0%2CN%3Btranslate%2C18.0.100%2CN%3Bdigitalwand.admin_helper%2C2.0.0%2CN%3Bsecurity%2C18.5.1%2CN%3Bvote%2C17.5.1%2CN%3Bidem%2C0.0.1%2CN%3Bbitrix.siteinfoportal%2C15.5.0%2CN%3Bform%2C18.0.0%2CN%3Bsearch%2C18.5.200%2CN%3Biblock%2C18.6.650%2CN%3Bforum%2C18.0.5%2CN%3Bmessageservice%2C18.0.3%2CN&reqm=bitrix.sitecorporate%2Cbitrix.sitepersonal%2Cdigitalwand.admin_helper%2Cbitrix.siteinfoportal&fullmoduleinfo=Y&SUPD_SRS=RU&SUPD_CMP=N
2020-01-27 17:42:40 -  - exec CUpdateClientPartner::GetHTTPPage
2020-01-27 17:42:40 -  - TIME GetUpdatesList(request) 0.239 sec
2020-01-27 17:42:40 -  - exec CUpdateClientPartner::ParseServerData
2020-01-27 17:55:12 -  - exec CUpdateClientPartner::GetUpdatesList
2020-01-27 17:55:12 -  - exec CUpdateClientPartner::__CollectRequestData
2020-01-27 17:55:12 -  - utf=Y&lang=ru&stable=Y&CANGZIP=Y&SUPD_DBS=MYSQL&XE=N&CLIENT_SITE=saffariestate.ru&LICENSE_KEY=X&SUPD_STS=1&SUPD_URS=0&SUPD_URSA=20&TYPENC=E&CLIENT_PHPVER=7.2.21-1%2Bubuntu16.04.1%2Bdeb.sury.org%2B1&NGINX=Y&dbv=10.3.17&instm=main%2C18.5.180%2CN%3Bsubscribe%2C18.5.0%2CN%3Brest%2C18.5.100%2CN%3Bhighloadblock%2C18.5.100%2CN%3Bseo%2C19.0.100%2CN%3Bui%2C18.5.175%2CN%3Bscale%2C17.5.0%2CN%3Bfileman%2C18.5.450%2CN%3Bcompression%2C16.0.0%2CN%3Bclouds%2C18.5.200%2CN%3Bbitrixcloud%2C18.5.0%2CN%3Bphotogallery%2C18.0.0%2CN%3Bmobileapp%2C18.5.200%2CN%3Bsocialservices%2C18.5.100%2CN%3Blanding%2C18.7.400%2CN%3Bb24connector%2C18.5.0%2CN%3Bbitrix.sitecorporate%2C15.5.0%2CN%3Bblog%2C18.1.0%2CN%3Bbitrix.sitepersonal%2C15.5.0%2CN%3Bperfmon%2C18.5.0%2CN%3Btranslate%2C18.0.100%2CN%3Bdigitalwand.admin_helper%2C2.0.0%2CN%3Bsecurity%2C18.5.1%2CN%3Bvote%2C17.5.1%2CN%3Bidem%2C0.0.1%2CN%3Bbitrix.siteinfoportal%2C15.5.0%2CN%3Bform%2C18.0.0%2CN%3Bsearch%2C18.5.200%2CN%3Biblock%2C18.6.650%2CN%3Bforum%2C18.0.5%2CN%3Bmessageservice%2C18.0.3%2CN&reqm=bitrix.sitecorporate%2Cbitrix.sitepersonal%2Cdigitalwand.admin_helper%2Cbitrix.siteinfoportal&fullmoduleinfo=Y&SUPD_SRS=RU&SUPD_CMP=N
2020-01-27 17:55:12 -  - exec CUpdateClientPartner::GetHTTPPage
2020-01-27 17:55:12 -  - TIME GetUpdatesList(request) 0.419 sec
2020-01-27 17:55:12 -  - exec CUpdateClientPartner::ParseServerData
2020-01-27 17:57:20 -  - exec CUpdateClientPartner::GetUpdatesList
2020-01-27 17:57:20 -  - exec CUpdateClientPartner::__CollectRequestData
2020-01-27 17:57:20 -  - utf=Y&lang=ru&stable=Y&CANGZIP=Y&SUPD_DBS=MYSQL&XE=N&CLIENT_SITE=saffariestate.ru&LICENSE_KEY=X&SUPD_STS=1&SUPD_URS=0&SUPD_URSA=20&TYPENC=E&CLIENT_PHPVER=7.2.21-1%2Bubuntu16.04.1%2Bdeb.sury.org%2B1&NGINX=Y&dbv=10.3.17&instm=main%2C18.5.180%2CN%3Bsubscribe%2C18.5.0%2CN%3Brest%2C18.5.100%2CN%3Bhighloadblock%2C18.5.100%2CN%3Bseo%2C19.0.100%2CN%3Bui%2C18.5.175%2CN%3Bscale%2C17.5.0%2CN%3Bfileman%2C18.5.450%2CN%3Bcompression%2C16.0.0%2CN%3Bclouds%2C18.5.200%2CN%3Bbitrixcloud%2C18.5.0%2CN%3Bphotogallery%2C18.0.0%2CN%3Bmobileapp%2C18.5.200%2CN%3Bsocialservices%2C18.5.100%2CN%3Blanding%2C18.7.400%2CN%3Bb24connector%2C18.5.0%2CN%3Bbitrix.sitecorporate%2C15.5.0%2CN%3Bblog%2C18.1.0%2CN%3Bbitrix.sitepersonal%2C15.5.0%2CN%3Bperfmon%2C18.5.0%2CN%3Btranslate%2C18.0.100%2CN%3Bdigitalwand.admin_helper%2C2.0.0%2CN%3Bsecurity%2C18.5.1%2CN%3Bvote%2C17.5.1%2CN%3Bidem%2C0.0.1%2CN%3Bbitrix.siteinfoportal%2C15.5.0%2CN%3Bform%2C18.0.0%2CN%3Bsearch%2C18.5.200%2CN%3Biblock%2C18.6.650%2CN%3Bforum%2C18.0.5%2CN%3Bmessageservice%2C18.0.3%2CN&reqm=bitrix.sitecorporate%2Cbitrix.sitepersonal%2Cdigitalwand.admin_helper%2Cbitrix.siteinfoportal&fullmoduleinfo=Y&SUPD_SRS=RU&SUPD_CMP=N
2020-01-27 17:57:20 -  - exec CUpdateClientPartner::GetHTTPPage
2020-01-27 17:57:21 -  - TIME GetUpdatesList(request) 0.356 sec
2020-01-27 17:57:21 -  - exec CUpdateClientPartner::ParseServerData
2020-01-27 17:59:01 -  - exec CUpdateClientPartner::GetUpdatesList
2020-01-27 17:59:01 -  - exec CUpdateClientPartner::__CollectRequestData
2020-01-27 17:59:01 -  - utf=Y&lang=ru&stable=Y&CANGZIP=Y&SUPD_DBS=MYSQL&XE=N&CLIENT_SITE=saffariestate.ru&LICENSE_KEY=X&SUPD_STS=1&SUPD_URS=0&SUPD_URSA=20&TYPENC=E&CLIENT_PHPVER=7.2.21-1%2Bubuntu16.04.1%2Bdeb.sury.org%2B1&NGINX=Y&dbv=10.3.17&instm=main%2C18.5.180%2CN%3Bsubscribe%2C18.5.0%2CN%3Brest%2C18.5.100%2CN%3Bhighloadblock%2C18.5.100%2CN%3Bseo%2C19.0.100%2CN%3Bui%2C18.5.175%2CN%3Bscale%2C17.5.0%2CN%3Bfileman%2C18.5.450%2CN%3Bcompression%2C16.0.0%2CN%3Bclouds%2C18.5.200%2CN%3Bbitrixcloud%2C18.5.0%2CN%3Bphotogallery%2C18.0.0%2CN%3Bmobileapp%2C18.5.200%2CN%3Bsocialservices%2C18.5.100%2CN%3Blanding%2C18.7.400%2CN%3Bb24connector%2C18.5.0%2CN%3Bbitrix.sitecorporate%2C15.5.0%2CN%3Bblog%2C18.1.0%2CN%3Bbitrix.sitepersonal%2C15.5.0%2CN%3Bperfmon%2C18.5.0%2CN%3Btranslate%2C18.0.100%2CN%3Bdigitalwand.admin_helper%2C2.0.0%2CN%3Bsecurity%2C18.5.1%2CN%3Bvote%2C17.5.1%2CN%3Bidem%2C0.0.1%2CN%3Bbitrix.siteinfoportal%2C15.5.0%2CN%3Bform%2C18.0.0%2CN%3Bsearch%2C18.5.200%2CN%3Biblock%2C18.6.650%2CN%3Bforum%2C18.0.5%2CN%3Bmessageservice%2C18.0.3%2CN&reqm=bitrix.sitecorporate%2Cbitrix.sitepersonal%2Cdigitalwand.admin_helper%2Cbitrix.siteinfoportal&fullmoduleinfo=Y&SUPD_SRS=RU&SUPD_CMP=N
2020-01-27 17:59:01 -  - exec CUpdateClientPartner::GetHTTPPage
2020-01-27 17:59:02 -  - TIME GetUpdatesList(request) 0.487 sec
2020-01-27 17:59:02 -  - exec CUpdateClientPartner::ParseServerData
2020-01-27 19:23:53 -  - exec CUpdateClientPartner::GetUpdatesList
2020-01-27 19:23:53 -  - exec CUpdateClientPartner::__CollectRequestData
2020-01-27 19:23:53 -  - utf=Y&lang=ru&stable=Y&CANGZIP=Y&SUPD_DBS=MYSQL&XE=N&CLIENT_SITE=saffariestate.ru&LICENSE_KEY=X&SUPD_STS=1&SUPD_URS=0&SUPD_URSA=20&TYPENC=E&CLIENT_PHPVER=7.2.21-1%2Bubuntu16.04.1%2Bdeb.sury.org%2B1&NGINX=Y&dbv=10.3.17&instm=main%2C18.5.180%2CN%3Bsubscribe%2C18.5.0%2CN%3Brest%2C18.5.100%2CN%3Bhighloadblock%2C18.5.100%2CN%3Bseo%2C19.0.100%2CN%3Bui%2C18.5.175%2CN%3Bscale%2C17.5.0%2CN%3Bfileman%2C18.5.450%2CN%3Bcompression%2C16.0.0%2CN%3Bclouds%2C18.5.200%2CN%3Bbitrixcloud%2C18.5.0%2CN%3Bphotogallery%2C18.0.0%2CN%3Bmobileapp%2C18.5.200%2CN%3Bsocialservices%2C18.5.100%2CN%3Blanding%2C18.7.400%2CN%3Bb24connector%2C18.5.0%2CN%3Bbitrix.sitecorporate%2C15.5.0%2CN%3Bblog%2C18.1.0%2CN%3Bbitrix.sitepersonal%2C15.5.0%2CN%3Bperfmon%2C18.5.0%2CN%3Btranslate%2C18.0.100%2CN%3Bdigitalwand.admin_helper%2C2.0.0%2CN%3Bsecurity%2C18.5.1%2CN%3Bvote%2C17.5.1%2CN%3Bidem%2C0.0.1%2CN%3Bbitrix.siteinfoportal%2C15.5.0%2CN%3Bform%2C18.0.0%2CN%3Bsearch%2C18.5.200%2CN%3Biblock%2C18.6.650%2CN%3Bforum%2C18.0.5%2CN%3Bmessageservice%2C18.0.3%2CN&reqm=bitrix.sitecorporate%2Cbitrix.sitepersonal%2Cdigitalwand.admin_helper%2Cbitrix.siteinfoportal&fullmoduleinfo=Y&SUPD_SRS=RU&SUPD_CMP=N
2020-01-27 19:23:53 -  - exec CUpdateClientPartner::GetHTTPPage
2020-01-27 19:23:53 -  - TIME GetUpdatesList(request) 0.249 sec
2020-01-27 19:23:53 -  - exec CUpdateClientPartner::ParseServerData
2020-01-27 19:24:19 -  - exec CUpdateClientPartner::GetUpdatesList
2020-01-27 19:24:19 -  - exec CUpdateClientPartner::__CollectRequestData
2020-01-27 19:24:19 -  - utf=Y&lang=ru&stable=Y&CANGZIP=Y&SUPD_DBS=MYSQL&XE=N&CLIENT_SITE=saffariestate.ru&LICENSE_KEY=X&SUPD_STS=1&SUPD_URS=0&SUPD_URSA=20&TYPENC=E&CLIENT_PHPVER=7.2.21-1%2Bubuntu16.04.1%2Bdeb.sury.org%2B1&NGINX=Y&dbv=10.3.17&instm=main%2C18.5.180%2CN%3Bsubscribe%2C18.5.0%2CN%3Brest%2C18.5.100%2CN%3Bhighloadblock%2C18.5.100%2CN%3Bseo%2C19.0.100%2CN%3Bui%2C18.5.175%2CN%3Bscale%2C17.5.0%2CN%3Bfileman%2C18.5.450%2CN%3Bcompression%2C16.0.0%2CN%3Bclouds%2C18.5.200%2CN%3Bbitrixcloud%2C18.5.0%2CN%3Bphotogallery%2C18.0.0%2CN%3Bmobileapp%2C18.5.200%2CN%3Bsocialservices%2C18.5.100%2CN%3Blanding%2C18.7.400%2CN%3Bb24connector%2C18.5.0%2CN%3Bbitrix.sitecorporate%2C15.5.0%2CN%3Bblog%2C18.1.0%2CN%3Bbitrix.sitepersonal%2C15.5.0%2CN%3Bperfmon%2C18.5.0%2CN%3Btranslate%2C18.0.100%2CN%3Bdigitalwand.admin_helper%2C2.0.0%2CN%3Bsecurity%2C18.5.1%2CN%3Bvote%2C17.5.1%2CN%3Bidem%2C0.0.1%2CN%3Bbitrix.siteinfoportal%2C15.5.0%2CN%3Bform%2C18.0.0%2CN%3Bsearch%2C18.5.200%2CN%3Biblock%2C18.6.650%2CN%3Bforum%2C18.0.5%2CN%3Bmessageservice%2C18.0.3%2CN&reqm=bitrix.sitecorporate%2Cbitrix.sitepersonal%2Cdigitalwand.admin_helper%2Cbitrix.siteinfoportal&fullmoduleinfo=Y&SUPD_SRS=RU&SUPD_CMP=N
2020-01-27 19:24:19 -  - exec CUpdateClientPartner::GetHTTPPage
2020-01-27 19:24:19 -  - TIME GetUpdatesList(request) 0.268 sec
2020-01-27 19:24:19 -  - exec CUpdateClientPartner::ParseServerData
2020-01-27 22:13:17 -  - exec CUpdateClientPartner::GetUpdatesList
2020-01-27 22:13:17 -  - exec CUpdateClientPartner::__CollectRequestData
2020-01-27 22:13:17 -  - utf=Y&lang=ru&stable=Y&CANGZIP=Y&SUPD_DBS=MYSQL&XE=N&CLIENT_SITE=saffariestate.ru&LICENSE_KEY=X&SUPD_STS=1&SUPD_URS=0&SUPD_URSA=21&TYPENC=E&CLIENT_PHPVER=7.2.21-1%2Bubuntu16.04.1%2Bdeb.sury.org%2B1&NGINX=Y&dbv=10.3.17&instm=main%2C18.5.180%2CN%3Bsubscribe%2C18.5.0%2CN%3Brest%2C18.5.100%2CN%3Bhighloadblock%2C18.5.100%2CN%3Bseo%2C19.0.100%2CN%3Bui%2C18.5.175%2CN%3Bscale%2C17.5.0%2CN%3Bfileman%2C18.5.450%2CN%3Bcompression%2C16.0.0%2CN%3Bclouds%2C18.5.200%2CN%3Bbitrixcloud%2C18.5.0%2CN%3Bphotogallery%2C18.0.0%2CN%3Bmobileapp%2C18.5.200%2CN%3Bsocialservices%2C18.5.100%2CN%3Blanding%2C18.7.400%2CN%3Bb24connector%2C18.5.0%2CN%3Bbitrix.sitecorporate%2C15.5.0%2CN%3Bblog%2C18.1.0%2CN%3Bbitrix.sitepersonal%2C15.5.0%2CN%3Bperfmon%2C18.5.0%2CN%3Btranslate%2C18.0.100%2CN%3Bdigitalwand.admin_helper%2C2.0.0%2CN%3Bsecurity%2C18.5.1%2CN%3Bvote%2C17.5.1%2CN%3Bidem%2C0.0.1%2CN%3Bbitrix.siteinfoportal%2C15.5.0%2CN%3Bform%2C18.0.0%2CN%3Bsearch%2C18.5.200%2CN%3Biblock%2C18.6.650%2CN%3Bforum%2C18.0.5%2CN%3Bmessageservice%2C18.0.3%2CN&reqm=bitrix.sitecorporate%2Cbitrix.sitepersonal%2Cdigitalwand.admin_helper%2Cbitrix.siteinfoportal&fullmoduleinfo=Y&SUPD_SRS=RU&SUPD_CMP=N
2020-01-27 22:13:17 -  - exec CUpdateClientPartner::GetHTTPPage
2020-01-27 22:13:17 -  - TIME GetUpdatesList(request) 0.443 sec
2020-01-27 22:13:17 -  - exec CUpdateClientPartner::ParseServerData
2020-02-08 15:28:17 -  - exec CUpdateClientPartner::GetUpdatesList
2020-02-08 15:28:17 -  - exec CUpdateClientPartner::__CollectRequestData
2020-02-08 15:28:17 -  - utf=Y&lang=ru&stable=Y&CANGZIP=Y&SUPD_DBS=MYSQL&XE=N&CLIENT_SITE=saffariestate.ru&LICENSE_KEY=X&SUPD_STS=1&SUPD_URS=0&SUPD_URSA=1&TYPENC=E&CLIENT_PHPVER=7.2.21-1%2Bubuntu16.04.1%2Bdeb.sury.org%2B1&NGINX=Y&dbv=10.3.17&instm=main%2C18.5.180%2CN%3Bsubscribe%2C18.5.0%2CN%3Brest%2C18.5.100%2CN%3Bhighloadblock%2C18.5.100%2CN%3Bseo%2C19.0.100%2CN%3Bui%2C18.5.175%2CN%3Bscale%2C17.5.0%2CN%3Bfileman%2C18.5.450%2CN%3Bcompression%2C16.0.0%2CN%3Bclouds%2C18.5.200%2CN%3Bbitrixcloud%2C18.5.0%2CN%3Bphotogallery%2C18.0.0%2CN%3Bmobileapp%2C18.5.200%2CN%3Bsocialservices%2C18.5.100%2CN%3Blanding%2C18.7.400%2CN%3Bb24connector%2C18.5.0%2CN%3Bbitrix.sitecorporate%2C15.5.0%2CN%3Bblog%2C18.1.0%2CN%3Bbitrix.sitepersonal%2C15.5.0%2CN%3Bperfmon%2C18.5.0%2CN%3Btranslate%2C18.0.100%2CN%3Bdigitalwand.admin_helper%2C2.0.0%2CN%3Bsecurity%2C18.5.1%2CN%3Bvote%2C17.5.1%2CN%3Bidem%2C0.0.1%2CN%3Bbitrix.siteinfoportal%2C15.5.0%2CN%3Bform%2C18.0.0%2CN%3Bsearch%2C18.5.200%2CN%3Biblock%2C18.6.650%2CN%3Bforum%2C18.0.5%2CN%3Bmessageservice%2C18.0.3%2CN&reqm=bitrix.sitecorporate%2Cbitrix.sitepersonal%2Cdigitalwand.admin_helper%2Cbitrix.siteinfoportal%2Cbitrix.xscan&SUPD_SRS=RU&SUPD_CMP=N
2020-02-08 15:28:17 -  - exec CUpdateClientPartner::GetHTTPPage
2020-02-08 15:28:17 -  - TIME GetUpdatesList(request) 0.293 sec
2020-02-08 15:28:17 -  - exec CUpdateClientPartner::ParseServerData
2020-02-08 15:28:23 -  - exec CUpdateClientPartner::LoadModulesUpdates
2020-02-08 15:28:23 -  - exec CUpdateClientPartner::__CollectRequestData
2020-02-08 15:28:23 -  - utf=Y&lang=ru&stable=Y&CANGZIP=Y&SUPD_DBS=MYSQL&XE=N&CLIENT_SITE=saffariestate.ru&LICENSE_KEY=X&SUPD_STS=1&SUPD_URS=0&SUPD_URSA=1&TYPENC=E&CLIENT_PHPVER=7.2.21-1%2Bubuntu16.04.1%2Bdeb.sury.org%2B1&NGINX=Y&dbv=10.3.17&instm=main%2C18.5.180%2CN%3Bsubscribe%2C18.5.0%2CN%3Brest%2C18.5.100%2CN%3Bhighloadblock%2C18.5.100%2CN%3Bseo%2C19.0.100%2CN%3Bui%2C18.5.175%2CN%3Bscale%2C17.5.0%2CN%3Bfileman%2C18.5.450%2CN%3Bcompression%2C16.0.0%2CN%3Bclouds%2C18.5.200%2CN%3Bbitrixcloud%2C18.5.0%2CN%3Bphotogallery%2C18.0.0%2CN%3Bmobileapp%2C18.5.200%2CN%3Bsocialservices%2C18.5.100%2CN%3Blanding%2C18.7.400%2CN%3Bb24connector%2C18.5.0%2CN%3Bbitrix.sitecorporate%2C15.5.0%2CN%3Bblog%2C18.1.0%2CN%3Bbitrix.sitepersonal%2C15.5.0%2CN%3Bperfmon%2C18.5.0%2CN%3Btranslate%2C18.0.100%2CN%3Bdigitalwand.admin_helper%2C2.0.0%2CN%3Bsecurity%2C18.5.1%2CN%3Bvote%2C17.5.1%2CN%3Bidem%2C0.0.1%2CN%3Bbitrix.siteinfoportal%2C15.5.0%2CN%3Bform%2C18.0.0%2CN%3Bsearch%2C18.5.200%2CN%3Biblock%2C18.6.650%2CN%3Bforum%2C18.0.5%2CN%3Bmessageservice%2C18.0.3%2CN&reqm=bitrix.xscan&lim=Y&SUPD_SRS=RU&SUPD_CMP=N
2020-02-08 15:28:23 -  - exec CUpdateClientPartner::GetHTTPPage
2020-02-08 15:28:23 -  - TIME LoadModulesUpdates(request) 0.315 sec
2020-02-08 15:28:23 -  - exec CUpdateClientPartner::ParseServerData
2020-02-08 15:28:23 - S - STEP
2020-02-08 15:28:23 - LMU01 - LoadModulesUpdates-Step
2020-02-08 15:28:23 -  - exec CUpdateClientPartner::LoadModulesUpdates
2020-02-08 15:28:23 -  - exec CUpdateClientPartner::ParseServerData
2020-02-08 15:28:23 -  - loadFile
2020-02-08 15:28:23 - U - RETURN
2020-02-08 15:28:23 -  - exec CUpdateClientPartner::UnGzipArchive
2020-02-08 15:28:23 -  - TIME UnGzipArchive 0.001 sec
2020-02-08 15:28:23 -  - TIME UpdateStepModules 0.001 sec
2020-02-08 15:28:23 - UPD_SUCCESS - Updated: bitrix.xscan
2020-02-08 15:28:24 -  - exec CUpdateClientPartner::LoadModulesUpdates
2020-02-08 15:28:24 -  - exec CUpdateClientPartner::__CollectRequestData
2020-02-08 15:28:24 -  - utf=Y&lang=ru&stable=Y&CANGZIP=Y&SUPD_DBS=MYSQL&XE=N&CLIENT_SITE=saffariestate.ru&LICENSE_KEY=X&SUPD_STS=1&SUPD_URS=0&SUPD_URSA=1&TYPENC=E&CLIENT_PHPVER=7.2.21-1%2Bubuntu16.04.1%2Bdeb.sury.org%2B1&NGINX=Y&dbv=10.3.17&instm=main%2C18.5.180%2CN%3Bsubscribe%2C18.5.0%2CN%3Brest%2C18.5.100%2CN%3Bhighloadblock%2C18.5.100%2CN%3Bseo%2C19.0.100%2CN%3Bui%2C18.5.175%2CN%3Bscale%2C17.5.0%2CN%3Bfileman%2C18.5.450%2CN%3Bcompression%2C16.0.0%2CN%3Bclouds%2C18.5.200%2CN%3Bbitrixcloud%2C18.5.0%2CN%3Bphotogallery%2C18.0.0%2CN%3Bmobileapp%2C18.5.200%2CN%3Bsocialservices%2C18.5.100%2CN%3Blanding%2C18.7.400%2CN%3Bb24connector%2C18.5.0%2CN%3Bbitrix.sitecorporate%2C15.5.0%2CN%3Bbitrix.xscan%2C1.0.3%2CN%3Bblog%2C18.1.0%2CN%3Bbitrix.sitepersonal%2C15.5.0%2CN%3Bperfmon%2C18.5.0%2CN%3Btranslate%2C18.0.100%2CN%3Bdigitalwand.admin_helper%2C2.0.0%2CN%3Bsecurity%2C18.5.1%2CN%3Bvote%2C17.5.1%2CN%3Bidem%2C0.0.1%2CN%3Bbitrix.siteinfoportal%2C15.5.0%2CN%3Bform%2C18.0.0%2CN%3Bsearch%2C18.5.200%2CN%3Biblock%2C18.6.650%2CN%3Bforum%2C18.0.5%2CN%3Bmessageservice%2C18.0.3%2CN&reqm=bitrix.xscan&lim=Y&SUPD_SRS=RU&SUPD_CMP=N
2020-02-08 15:28:24 -  - exec CUpdateClientPartner::GetHTTPPage
2020-02-08 15:28:24 -  - TIME LoadModulesUpdates(request) 0.226 sec
2020-02-08 15:28:24 -  - exec CUpdateClientPartner::ParseServerData
2020-02-08 15:28:24 - S - STEP
2020-02-08 15:28:24 - LMU01 - LoadModulesUpdates-Step
2020-02-08 15:28:24 -  - exec CUpdateClientPartner::LoadModulesUpdates
2020-02-08 15:28:24 -  - exec CUpdateClientPartner::ParseServerData
2020-02-08 15:28:24 -  - loadFile
2020-02-08 15:28:24 - U - RETURN
2020-02-08 15:28:24 -  - exec CUpdateClientPartner::UnGzipArchive
2020-02-08 15:28:24 -  - TIME UnGzipArchive 0 sec
2020-02-08 15:28:24 -  - TIME UpdateStepModules 0.001 sec
2020-02-08 15:28:24 - UPD_SUCCESS - Updated: bitrix.xscan (1.0.4)<br>  
2020-02-08 15:28:24 -  - exec CUpdateClientPartner::LoadModulesUpdates
2020-02-08 15:28:24 -  - exec CUpdateClientPartner::__CollectRequestData
2020-02-08 15:28:24 -  - utf=Y&lang=ru&stable=Y&CANGZIP=Y&SUPD_DBS=MYSQL&XE=N&CLIENT_SITE=saffariestate.ru&LICENSE_KEY=X&SUPD_STS=1&SUPD_URS=0&SUPD_URSA=1&TYPENC=E&CLIENT_PHPVER=7.2.21-1%2Bubuntu16.04.1%2Bdeb.sury.org%2B1&NGINX=Y&dbv=10.3.17&instm=main%2C18.5.180%2CN%3Bsubscribe%2C18.5.0%2CN%3Brest%2C18.5.100%2CN%3Bhighloadblock%2C18.5.100%2CN%3Bseo%2C19.0.100%2CN%3Bui%2C18.5.175%2CN%3Bscale%2C17.5.0%2CN%3Bfileman%2C18.5.450%2CN%3Bcompression%2C16.0.0%2CN%3Bclouds%2C18.5.200%2CN%3Bbitrixcloud%2C18.5.0%2CN%3Bphotogallery%2C18.0.0%2CN%3Bmobileapp%2C18.5.200%2CN%3Bsocialservices%2C18.5.100%2CN%3Blanding%2C18.7.400%2CN%3Bb24connector%2C18.5.0%2CN%3Bbitrix.sitecorporate%2C15.5.0%2CN%3Bbitrix.xscan%2C1.0.4%2CN%3Bblog%2C18.1.0%2CN%3Bbitrix.sitepersonal%2C15.5.0%2CN%3Bperfmon%2C18.5.0%2CN%3Btranslate%2C18.0.100%2CN%3Bdigitalwand.admin_helper%2C2.0.0%2CN%3Bsecurity%2C18.5.1%2CN%3Bvote%2C17.5.1%2CN%3Bidem%2C0.0.1%2CN%3Bbitrix.siteinfoportal%2C15.5.0%2CN%3Bform%2C18.0.0%2CN%3Bsearch%2C18.5.200%2CN%3Biblock%2C18.6.650%2CN%3Bforum%2C18.0.5%2CN%3Bmessageservice%2C18.0.3%2CN&reqm=bitrix.xscan&lim=Y&SUPD_SRS=RU&SUPD_CMP=N
2020-02-08 15:28:24 -  - exec CUpdateClientPartner::GetHTTPPage
2020-02-08 15:28:24 -  - TIME LoadModulesUpdates(request) 0.228 sec
2020-02-08 15:28:24 -  - exec CUpdateClientPartner::ParseServerData
2020-02-08 15:28:24 - S - STEP
2020-02-08 15:28:24 - LMU01 - LoadModulesUpdates-Step
2020-02-08 15:28:25 -  - exec CUpdateClientPartner::LoadModulesUpdates
2020-02-08 15:28:25 -  - exec CUpdateClientPartner::ParseServerData
2020-02-08 15:28:25 -  - loadFile
2020-02-08 15:28:25 - U - RETURN
2020-02-08 15:28:25 -  - exec CUpdateClientPartner::UnGzipArchive
2020-02-08 15:28:25 -  - TIME UnGzipArchive 0.001 sec
2020-02-08 15:28:25 -  - TIME UpdateStepModules 0.001 sec
2020-02-08 15:28:25 - UPD_SUCCESS - Updated: bitrix.xscan (1.0.5)<br>  
2020-02-08 15:28:25 -  - exec CUpdateClientPartner::LoadModulesUpdates
2020-02-08 15:28:25 -  - exec CUpdateClientPartner::__CollectRequestData
2020-02-08 15:28:25 -  - utf=Y&lang=ru&stable=Y&CANGZIP=Y&SUPD_DBS=MYSQL&XE=N&CLIENT_SITE=saffariestate.ru&LICENSE_KEY=X&SUPD_STS=1&SUPD_URS=0&SUPD_URSA=1&TYPENC=E&CLIENT_PHPVER=7.2.21-1%2Bubuntu16.04.1%2Bdeb.sury.org%2B1&NGINX=Y&dbv=10.3.17&instm=main%2C18.5.180%2CN%3Bsubscribe%2C18.5.0%2CN%3Brest%2C18.5.100%2CN%3Bhighloadblock%2C18.5.100%2CN%3Bseo%2C19.0.100%2CN%3Bui%2C18.5.175%2CN%3Bscale%2C17.5.0%2CN%3Bfileman%2C18.5.450%2CN%3Bcompression%2C16.0.0%2CN%3Bclouds%2C18.5.200%2CN%3Bbitrixcloud%2C18.5.0%2CN%3Bphotogallery%2C18.0.0%2CN%3Bmobileapp%2C18.5.200%2CN%3Bsocialservices%2C18.5.100%2CN%3Blanding%2C18.7.400%2CN%3Bb24connector%2C18.5.0%2CN%3Bbitrix.sitecorporate%2C15.5.0%2CN%3Bbitrix.xscan%2C1.0.5%2CN%3Bblog%2C18.1.0%2CN%3Bbitrix.sitepersonal%2C15.5.0%2CN%3Bperfmon%2C18.5.0%2CN%3Btranslate%2C18.0.100%2CN%3Bdigitalwand.admin_helper%2C2.0.0%2CN%3Bsecurity%2C18.5.1%2CN%3Bvote%2C17.5.1%2CN%3Bidem%2C0.0.1%2CN%3Bbitrix.siteinfoportal%2C15.5.0%2CN%3Bform%2C18.0.0%2CN%3Bsearch%2C18.5.200%2CN%3Biblock%2C18.6.650%2CN%3Bforum%2C18.0.5%2CN%3Bmessageservice%2C18.0.3%2CN&reqm=bitrix.xscan&lim=Y&SUPD_SRS=RU&SUPD_CMP=N
2020-02-08 15:28:25 -  - exec CUpdateClientPartner::GetHTTPPage
2020-02-08 15:28:25 -  - TIME LoadModulesUpdates(request) 0.224 sec
2020-02-08 15:28:25 -  - exec CUpdateClientPartner::ParseServerData
2020-02-08 15:28:25 - S - STEP
2020-02-08 15:28:25 - LMU01 - LoadModulesUpdates-Step
2020-02-08 15:28:25 -  - exec CUpdateClientPartner::LoadModulesUpdates
2020-02-08 15:28:25 -  - exec CUpdateClientPartner::ParseServerData
2020-02-08 15:28:25 -  - loadFile
2020-02-08 15:28:25 - U - RETURN
2020-02-08 15:28:25 -  - exec CUpdateClientPartner::UnGzipArchive
2020-02-08 15:28:25 -  - TIME UnGzipArchive 0 sec
2020-02-08 15:28:25 -  - TIME UpdateStepModules 0.001 sec
2020-02-08 15:28:25 - UPD_SUCCESS - Updated: bitrix.xscan (1.0.6)<br>   
2020-02-08 15:28:25 -  - exec CUpdateClientPartner::LoadModulesUpdates
2020-02-08 15:28:25 -  - exec CUpdateClientPartner::__CollectRequestData
2020-02-08 15:28:25 -  - utf=Y&lang=ru&stable=Y&CANGZIP=Y&SUPD_DBS=MYSQL&XE=N&CLIENT_SITE=saffariestate.ru&LICENSE_KEY=X&SUPD_STS=1&SUPD_URS=0&SUPD_URSA=1&TYPENC=E&CLIENT_PHPVER=7.2.21-1%2Bubuntu16.04.1%2Bdeb.sury.org%2B1&NGINX=Y&dbv=10.3.17&instm=main%2C18.5.180%2CN%3Bsubscribe%2C18.5.0%2CN%3Brest%2C18.5.100%2CN%3Bhighloadblock%2C18.5.100%2CN%3Bseo%2C19.0.100%2CN%3Bui%2C18.5.175%2CN%3Bscale%2C17.5.0%2CN%3Bfileman%2C18.5.450%2CN%3Bcompression%2C16.0.0%2CN%3Bclouds%2C18.5.200%2CN%3Bbitrixcloud%2C18.5.0%2CN%3Bphotogallery%2C18.0.0%2CN%3Bmobileapp%2C18.5.200%2CN%3Bsocialservices%2C18.5.100%2CN%3Blanding%2C18.7.400%2CN%3Bb24connector%2C18.5.0%2CN%3Bbitrix.sitecorporate%2C15.5.0%2CN%3Bbitrix.xscan%2C1.0.6%2CN%3Bblog%2C18.1.0%2CN%3Bbitrix.sitepersonal%2C15.5.0%2CN%3Bperfmon%2C18.5.0%2CN%3Btranslate%2C18.0.100%2CN%3Bdigitalwand.admin_helper%2C2.0.0%2CN%3Bsecurity%2C18.5.1%2CN%3Bvote%2C17.5.1%2CN%3Bidem%2C0.0.1%2CN%3Bbitrix.siteinfoportal%2C15.5.0%2CN%3Bform%2C18.0.0%2CN%3Bsearch%2C18.5.200%2CN%3Biblock%2C18.6.650%2CN%3Bforum%2C18.0.5%2CN%3Bmessageservice%2C18.0.3%2CN&reqm=bitrix.xscan&lim=Y&SUPD_SRS=RU&SUPD_CMP=N
2020-02-08 15:28:25 -  - exec CUpdateClientPartner::GetHTTPPage
2020-02-08 15:28:25 -  - TIME LoadModulesUpdates(request) 0.229 sec
2020-02-08 15:28:25 -  - exec CUpdateClientPartner::ParseServerData
2020-02-08 15:28:25 - S - STEP
2020-02-08 15:28:25 - LMU01 - LoadModulesUpdates-Step
2020-02-08 15:28:26 -  - exec CUpdateClientPartner::LoadModulesUpdates
2020-02-08 15:28:26 -  - exec CUpdateClientPartner::ParseServerData
2020-02-08 15:28:26 -  - loadFile
2020-02-08 15:28:26 - U - RETURN
2020-02-08 15:28:26 -  - exec CUpdateClientPartner::UnGzipArchive
2020-02-08 15:28:26 -  - TIME UnGzipArchive 0.001 sec
2020-02-08 15:28:26 -  - TIME UpdateStepModules 0.002 sec
2020-02-08 15:28:26 - UPD_SUCCESS - Updated: bitrix.xscan (1.0.7)<br>      ,    
2020-02-08 15:28:26 -  - exec CUpdateClientPartner::LoadModulesUpdates
2020-02-08 15:28:26 -  - exec CUpdateClientPartner::__CollectRequestData
2020-02-08 15:28:26 -  - utf=Y&lang=ru&stable=Y&CANGZIP=Y&SUPD_DBS=MYSQL&XE=N&CLIENT_SITE=saffariestate.ru&LICENSE_KEY=X&SUPD_STS=1&SUPD_URS=0&SUPD_URSA=1&TYPENC=E&CLIENT_PHPVER=7.2.21-1%2Bubuntu16.04.1%2Bdeb.sury.org%2B1&NGINX=Y&dbv=10.3.17&instm=main%2C18.5.180%2CN%3Bsubscribe%2C18.5.0%2CN%3Brest%2C18.5.100%2CN%3Bhighloadblock%2C18.5.100%2CN%3Bseo%2C19.0.100%2CN%3Bui%2C18.5.175%2CN%3Bscale%2C17.5.0%2CN%3Bfileman%2C18.5.450%2CN%3Bcompression%2C16.0.0%2CN%3Bclouds%2C18.5.200%2CN%3Bbitrixcloud%2C18.5.0%2CN%3Bphotogallery%2C18.0.0%2CN%3Bmobileapp%2C18.5.200%2CN%3Bsocialservices%2C18.5.100%2CN%3Blanding%2C18.7.400%2CN%3Bb24connector%2C18.5.0%2CN%3Bbitrix.sitecorporate%2C15.5.0%2CN%3Bbitrix.xscan%2C1.0.7%2CN%3Bblog%2C18.1.0%2CN%3Bbitrix.sitepersonal%2C15.5.0%2CN%3Bperfmon%2C18.5.0%2CN%3Btranslate%2C18.0.100%2CN%3Bdigitalwand.admin_helper%2C2.0.0%2CN%3Bsecurity%2C18.5.1%2CN%3Bvote%2C17.5.1%2CN%3Bidem%2C0.0.1%2CN%3Bbitrix.siteinfoportal%2C15.5.0%2CN%3Bform%2C18.0.0%2CN%3Bsearch%2C18.5.200%2CN%3Biblock%2C18.6.650%2CN%3Bforum%2C18.0.5%2CN%3Bmessageservice%2C18.0.3%2CN&reqm=bitrix.xscan&lim=Y&SUPD_SRS=RU&SUPD_CMP=N
2020-02-08 15:28:26 -  - exec CUpdateClientPartner::GetHTTPPage
2020-02-08 15:28:27 -  - TIME LoadModulesUpdates(request) 0.223 sec
2020-02-08 15:28:27 -  - exec CUpdateClientPartner::ParseServerData
2020-02-08 15:28:27 - S - STEP
2020-02-08 15:28:27 - LMU01 - LoadModulesUpdates-Step
2020-02-08 15:28:27 -  - exec CUpdateClientPartner::LoadModulesUpdates
2020-02-08 15:28:27 -  - exec CUpdateClientPartner::ParseServerData
2020-02-08 15:28:27 -  - loadFile
2020-02-08 15:28:27 - U - RETURN
2020-02-08 15:28:27 -  - exec CUpdateClientPartner::UnGzipArchive
2020-02-08 15:28:27 -  - TIME UnGzipArchive 0.001 sec
2020-02-08 15:28:27 -  - TIME UpdateStepModules 0.001 sec
2020-02-08 15:28:27 - UPD_SUCCESS - Updated: bitrix.xscan (1.0.8)<br>      php 
2020-02-08 15:28:27 -  - exec CUpdateClientPartner::LoadModulesUpdates
2020-02-08 15:28:27 -  - exec CUpdateClientPartner::__CollectRequestData
2020-02-08 15:28:27 -  - utf=Y&lang=ru&stable=Y&CANGZIP=Y&SUPD_DBS=MYSQL&XE=N&CLIENT_SITE=saffariestate.ru&LICENSE_KEY=X&SUPD_STS=1&SUPD_URS=0&SUPD_URSA=1&TYPENC=E&CLIENT_PHPVER=7.2.21-1%2Bubuntu16.04.1%2Bdeb.sury.org%2B1&NGINX=Y&dbv=10.3.17&instm=main%2C18.5.180%2CN%3Bsubscribe%2C18.5.0%2CN%3Brest%2C18.5.100%2CN%3Bhighloadblock%2C18.5.100%2CN%3Bseo%2C19.0.100%2CN%3Bui%2C18.5.175%2CN%3Bscale%2C17.5.0%2CN%3Bfileman%2C18.5.450%2CN%3Bcompression%2C16.0.0%2CN%3Bclouds%2C18.5.200%2CN%3Bbitrixcloud%2C18.5.0%2CN%3Bphotogallery%2C18.0.0%2CN%3Bmobileapp%2C18.5.200%2CN%3Bsocialservices%2C18.5.100%2CN%3Blanding%2C18.7.400%2CN%3Bb24connector%2C18.5.0%2CN%3Bbitrix.sitecorporate%2C15.5.0%2CN%3Bbitrix.xscan%2C1.0.8%2CN%3Bblog%2C18.1.0%2CN%3Bbitrix.sitepersonal%2C15.5.0%2CN%3Bperfmon%2C18.5.0%2CN%3Btranslate%2C18.0.100%2CN%3Bdigitalwand.admin_helper%2C2.0.0%2CN%3Bsecurity%2C18.5.1%2CN%3Bvote%2C17.5.1%2CN%3Bidem%2C0.0.1%2CN%3Bbitrix.siteinfoportal%2C15.5.0%2CN%3Bform%2C18.0.0%2CN%3Bsearch%2C18.5.200%2CN%3Biblock%2C18.6.650%2CN%3Bforum%2C18.0.5%2CN%3Bmessageservice%2C18.0.3%2CN&reqm=bitrix.xscan&lim=Y&SUPD_SRS=RU&SUPD_CMP=N
2020-02-08 15:28:27 -  - exec CUpdateClientPartner::GetHTTPPage
2020-02-08 15:28:28 -  - TIME LoadModulesUpdates(request) 0.238 sec
2020-02-08 15:28:28 -  - exec CUpdateClientPartner::ParseServerData
2020-02-08 15:28:28 - S - STEP
2020-02-08 15:28:28 - LMU01 - LoadModulesUpdates-Step
2020-02-08 15:28:28 -  - exec CUpdateClientPartner::LoadModulesUpdates
2020-02-08 15:28:28 -  - exec CUpdateClientPartner::ParseServerData
2020-02-08 15:28:28 -  - loadFile
2020-02-08 15:28:28 - U - RETURN
2020-02-08 15:28:28 -  - exec CUpdateClientPartner::UnGzipArchive
2020-02-08 15:28:28 -  - TIME UnGzipArchive 0.001 sec
2020-02-08 15:28:28 -  - TIME UpdateStepModules 0.001 sec
2020-02-08 15:28:28 - UPD_SUCCESS - Updated: bitrix.xscan (1.0.9)<br>     .
2020-02-08 15:28:28 -  - exec CUpdateClientPartner::LoadModulesUpdates
2020-02-08 15:28:28 -  - exec CUpdateClientPartner::__CollectRequestData
2020-02-08 15:28:28 -  - utf=Y&lang=ru&stable=Y&CANGZIP=Y&SUPD_DBS=MYSQL&XE=N&CLIENT_SITE=saffariestate.ru&LICENSE_KEY=X&SUPD_STS=1&SUPD_URS=0&SUPD_URSA=1&TYPENC=E&CLIENT_PHPVER=7.2.21-1%2Bubuntu16.04.1%2Bdeb.sury.org%2B1&NGINX=Y&dbv=10.3.17&instm=main%2C18.5.180%2CN%3Bsubscribe%2C18.5.0%2CN%3Brest%2C18.5.100%2CN%3Bhighloadblock%2C18.5.100%2CN%3Bseo%2C19.0.100%2CN%3Bui%2C18.5.175%2CN%3Bscale%2C17.5.0%2CN%3Bfileman%2C18.5.450%2CN%3Bcompression%2C16.0.0%2CN%3Bclouds%2C18.5.200%2CN%3Bbitrixcloud%2C18.5.0%2CN%3Bphotogallery%2C18.0.0%2CN%3Bmobileapp%2C18.5.200%2CN%3Bsocialservices%2C18.5.100%2CN%3Blanding%2C18.7.400%2CN%3Bb24connector%2C18.5.0%2CN%3Bbitrix.sitecorporate%2C15.5.0%2CN%3Bbitrix.xscan%2C1.0.9%2CN%3Bblog%2C18.1.0%2CN%3Bbitrix.sitepersonal%2C15.5.0%2CN%3Bperfmon%2C18.5.0%2CN%3Btranslate%2C18.0.100%2CN%3Bdigitalwand.admin_helper%2C2.0.0%2CN%3Bsecurity%2C18.5.1%2CN%3Bvote%2C17.5.1%2CN%3Bidem%2C0.0.1%2CN%3Bbitrix.siteinfoportal%2C15.5.0%2CN%3Bform%2C18.0.0%2CN%3Bsearch%2C18.5.200%2CN%3Biblock%2C18.6.650%2CN%3Bforum%2C18.0.5%2CN%3Bmessageservice%2C18.0.3%2CN&reqm=bitrix.xscan&lim=Y&SUPD_SRS=RU&SUPD_CMP=N
2020-02-08 15:28:28 -  - exec CUpdateClientPartner::GetHTTPPage
2020-02-08 15:28:29 -  - TIME LoadModulesUpdates(request) 0.232 sec
2020-02-08 15:28:29 -  - exec CUpdateClientPartner::ParseServerData
2020-02-08 15:28:29 - S - STEP
2020-02-08 15:28:29 - LMU01 - LoadModulesUpdates-Step
2020-02-08 15:28:29 -  - exec CUpdateClientPartner::LoadModulesUpdates
2020-02-08 15:28:29 -  - exec CUpdateClientPartner::ParseServerData
2020-02-08 15:28:29 -  - loadFile
2020-02-08 15:28:29 - U - RETURN
2020-02-08 15:28:29 -  - exec CUpdateClientPartner::UnGzipArchive
2020-02-08 15:28:29 -  - TIME UnGzipArchive 0.001 sec
2020-02-08 15:28:29 -  - TIME UpdateStepModules 0.001 sec
2020-02-08 15:28:29 - UPD_SUCCESS - Updated: bitrix.xscan (1.0.10)<br>   
2020-02-08 15:28:30 -  - exec CUpdateClientPartner::LoadModulesUpdates
2020-02-08 15:28:30 -  - exec CUpdateClientPartner::__CollectRequestData
2020-02-08 15:28:30 -  - utf=Y&lang=ru&stable=Y&CANGZIP=Y&SUPD_DBS=MYSQL&XE=N&CLIENT_SITE=saffariestate.ru&LICENSE_KEY=X&SUPD_STS=1&SUPD_URS=0&SUPD_URSA=1&TYPENC=E&CLIENT_PHPVER=7.2.21-1%2Bubuntu16.04.1%2Bdeb.sury.org%2B1&NGINX=Y&dbv=10.3.17&instm=main%2C18.5.180%2CN%3Bsubscribe%2C18.5.0%2CN%3Brest%2C18.5.100%2CN%3Bhighloadblock%2C18.5.100%2CN%3Bseo%2C19.0.100%2CN%3Bui%2C18.5.175%2CN%3Bscale%2C17.5.0%2CN%3Bfileman%2C18.5.450%2CN%3Bcompression%2C16.0.0%2CN%3Bclouds%2C18.5.200%2CN%3Bbitrixcloud%2C18.5.0%2CN%3Bphotogallery%2C18.0.0%2CN%3Bmobileapp%2C18.5.200%2CN%3Bsocialservices%2C18.5.100%2CN%3Blanding%2C18.7.400%2CN%3Bb24connector%2C18.5.0%2CN%3Bbitrix.sitecorporate%2C15.5.0%2CN%3Bbitrix.xscan%2C1.0.10%2CN%3Bblog%2C18.1.0%2CN%3Bbitrix.sitepersonal%2C15.5.0%2CN%3Bperfmon%2C18.5.0%2CN%3Btranslate%2C18.0.100%2CN%3Bdigitalwand.admin_helper%2C2.0.0%2CN%3Bsecurity%2C18.5.1%2CN%3Bvote%2C17.5.1%2CN%3Bidem%2C0.0.1%2CN%3Bbitrix.siteinfoportal%2C15.5.0%2CN%3Bform%2C18.0.0%2CN%3Bsearch%2C18.5.200%2CN%3Biblock%2C18.6.650%2CN%3Bforum%2C18.0.5%2CN%3Bmessageservice%2C18.0.3%2CN&reqm=bitrix.xscan&lim=Y&SUPD_SRS=RU&SUPD_CMP=N
2020-02-08 15:28:30 -  - exec CUpdateClientPartner::GetHTTPPage
2020-02-08 15:28:30 -  - TIME LoadModulesUpdates(request) 0.216 sec
2020-02-08 15:28:30 -  - exec CUpdateClientPartner::ParseServerData
2020-02-08 15:28:30 - STEP - Finish - NOUPDATES
2020-02-08 15:28:30 - STEP - Finish - NOUPDATES
2020-02-08 15:28:32 -  - exec CUpdateClientPartner::GetUpdatesList
2020-02-08 15:28:32 -  - exec CUpdateClientPartner::__CollectRequestData
2020-02-08 15:28:32 -  - utf=Y&lang=ru&stable=Y&CANGZIP=Y&SUPD_DBS=MYSQL&XE=N&CLIENT_SITE=saffariestate.ru&LICENSE_KEY=X&SUPD_STS=1&SUPD_URS=0&SUPD_URSA=1&TYPENC=E&CLIENT_PHPVER=7.2.21-1%2Bubuntu16.04.1%2Bdeb.sury.org%2B1&NGINX=Y&dbv=10.3.17&instm=main%2C18.5.180%2CN%3Bsubscribe%2C18.5.0%2CN%3Brest%2C18.5.100%2CN%3Bhighloadblock%2C18.5.100%2CN%3Bseo%2C19.0.100%2CN%3Bui%2C18.5.175%2CN%3Bscale%2C17.5.0%2CN%3Bfileman%2C18.5.450%2CN%3Bcompression%2C16.0.0%2CN%3Bclouds%2C18.5.200%2CN%3Bbitrixcloud%2C18.5.0%2CN%3Bphotogallery%2C18.0.0%2CN%3Bmobileapp%2C18.5.200%2CN%3Bsocialservices%2C18.5.100%2CN%3Blanding%2C18.7.400%2CN%3Bb24connector%2C18.5.0%2CN%3Bbitrix.sitecorporate%2C15.5.0%2CN%3Bbitrix.xscan%2C1.0.10%2CN%3Bblog%2C18.1.0%2CN%3Bbitrix.sitepersonal%2C15.5.0%2CN%3Bperfmon%2C18.5.0%2CN%3Btranslate%2C18.0.100%2CN%3Bdigitalwand.admin_helper%2C2.0.0%2CN%3Bsecurity%2C18.5.1%2CN%3Bvote%2C17.5.1%2CN%3Bidem%2C0.0.1%2CN%3Bbitrix.siteinfoportal%2C15.5.0%2CN%3Bform%2C18.0.0%2CN%3Bsearch%2C18.5.200%2CN%3Biblock%2C18.6.650%2CN%3Bforum%2C18.0.5%2CN%3Bmessageservice%2C18.0.3%2CN&reqm=bitrix.sitecorporate%2Cbitrix.xscan%2Cbitrix.sitepersonal%2Cdigitalwand.admin_helper%2Cbitrix.siteinfoportal&fullmoduleinfo=Y&SUPD_SRS=RU&SUPD_CMP=N
2020-02-08 15:28:32 -  - exec CUpdateClientPartner::GetHTTPPage
2020-02-08 15:28:33 -  - TIME GetUpdatesList(request) 0.314 sec
2020-02-08 15:28:33 -  - exec CUpdateClientPartner::ParseServerData
2020-02-08 15:28:33 -  - exec CUpdateClientPartner::GetUpdatesList
2020-02-08 15:28:33 -  - exec CUpdateClientPartner::__CollectRequestData
2020-02-08 15:28:33 -  - utf=Y&lang=ru&stable=Y&CANGZIP=Y&SUPD_DBS=MYSQL&XE=N&CLIENT_SITE=saffariestate.ru&LICENSE_KEY=X&SUPD_STS=1&SUPD_URS=0&SUPD_URSA=1&TYPENC=E&CLIENT_PHPVER=7.2.21-1%2Bubuntu16.04.1%2Bdeb.sury.org%2B1&NGINX=Y&dbv=10.3.17&instm=main%2C18.5.180%2CN%3Bsubscribe%2C18.5.0%2CN%3Brest%2C18.5.100%2CN%3Bhighloadblock%2C18.5.100%2CN%3Bseo%2C19.0.100%2CN%3Bui%2C18.5.175%2CN%3Bscale%2C17.5.0%2CN%3Bfileman%2C18.5.450%2CN%3Bcompression%2C16.0.0%2CN%3Bclouds%2C18.5.200%2CN%3Bbitrixcloud%2C18.5.0%2CN%3Bphotogallery%2C18.0.0%2CN%3Bmobileapp%2C18.5.200%2CN%3Bsocialservices%2C18.5.100%2CN%3Blanding%2C18.7.400%2CN%3Bb24connector%2C18.5.0%2CN%3Bbitrix.sitecorporate%2C15.5.0%2CN%3Bbitrix.xscan%2C1.0.10%2CN%3Bblog%2C18.1.0%2CN%3Bbitrix.sitepersonal%2C15.5.0%2CN%3Bperfmon%2C18.5.0%2CN%3Btranslate%2C18.0.100%2CN%3Bdigitalwand.admin_helper%2C2.0.0%2CN%3Bsecurity%2C18.5.1%2CN%3Bvote%2C17.5.1%2CN%3Bidem%2C0.0.1%2CN%3Bbitrix.siteinfoportal%2C15.5.0%2CN%3Bform%2C18.0.0%2CN%3Bsearch%2C18.5.200%2CN%3Biblock%2C18.6.650%2CN%3Bforum%2C18.0.5%2CN%3Bmessageservice%2C18.0.3%2CN&reqm=bitrix.sitecorporate%2Cbitrix.xscan%2Cbitrix.sitepersonal%2Cdigitalwand.admin_helper%2Cbitrix.siteinfoportal&fullmoduleinfo=Y&SUPD_SRS=RU&SUPD_CMP=N
2020-02-08 15:28:33 -  - exec CUpdateClientPartner::GetHTTPPage
2020-02-08 15:28:33 -  - TIME GetUpdatesList(request) 0.23 sec
2020-02-08 15:28:33 -  - exec CUpdateClientPartner::ParseServerData
